Log file open, 02/01/20 10:10:15
LogWindows: Failed to load 'aqProf.dll' (GetLastError=126)
LogWindows: File 'aqProf.dll' does not exist
LogWindows: Failed to load 'VtuneApi.dll' (GetLastError=126)
LogWindows: File 'VtuneApi.dll' does not exist
LogWindows: Failed to load 'VtuneApi32e.dll' (GetLastError=126)
LogWindows: File 'VtuneApi32e.dll' does not exist
LogConsoleResponse: Display: Failed to find resolution value strings in scalability ini. Falling back to default.
LogInit: Display: Running engine for game: SalamisGamejam
LogPakFile: Registered encryption key '00000000000000000000000000000000': 0 pak files mounted, 0 remain pending
LogPlatformFile: Not using cached read wrapper
LogTaskGraph: Started task graph with 5 named threads and 71 total threads with 3 sets of task threads.
LogStats: Stats thread started at 0.806920
LogD3D11RHI: Loaded GFSDK_Aftermath_Lib.x64.dll
LogICUInternationalization: ICU TimeZone Detection - Raw Offset: -5:00, Platform Override: ''
LogPluginManager: Mounting plugin Paper2D
LogPluginManager: Mounting plugin AISupport
LogPluginManager: Mounting plugin LightPropagationVolume
LogPluginManager: Mounting plugin ActorLayerUtilities
LogPluginManager: Mounting plugin AnimationSharing
LogPluginManager: Mounting plugin CLionSourceCodeAccess
LogPluginManager: Mounting plugin CodeLiteSourceCodeAccess
LogPluginManager: Mounting plugin GitSourceControl
LogPluginManager: Mounting plugin KDevelopSourceCodeAccess
LogPluginManager: Mounting plugin NullSourceCodeAccess
LogPluginManager: Mounting plugin PerforceSourceControl
LogPluginManager: Mounting plugin SubversionSourceControl
LogPluginManager: Mounting plugin UObjectPlugin
LogPluginManager: Mounting plugin VisualStudioCodeSourceCodeAccess
LogPluginManager: Mounting plugin VisualStudioSourceCodeAccess
LogPluginManager: Mounting plugin XCodeSourceCodeAccess
LogPluginManager: Mounting plugin AssetManagerEditor
LogPluginManager: Mounting plugin CryptoKeys
LogPluginManager: Mounting plugin DataValidation
LogPluginManager: Mounting plugin EditorScriptingUtilities
LogPluginManager: Mounting plugin FacialAnimation
LogPluginManager: Mounting plugin GameplayTagsEditor
LogPluginManager: Mounting plugin GLTFImporter
LogPluginManager: Mounting plugin MacGraphicsSwitching
LogPluginManager: Mounting plugin MaterialAnalyzer
LogPluginManager: Mounting plugin MeshEditor
LogPluginManager: Mounting plugin MobileLauncherProfileWizard
LogPluginManager: Mounting plugin PluginBrowser
LogPluginManager: Mounting plugin SpeedTreeImporter
LogPluginManager: Mounting plugin DatasmithContent
LogPluginManager: Mounting plugin VariantManagerContent
LogPluginManager: Mounting plugin AlembicImporter
LogPluginManager: Mounting plugin AppleImageUtils
LogPluginManager: Mounting plugin AppleVision
LogPluginManager: Mounting plugin BackChannel
LogPluginManager: Mounting plugin BlastPlugin
LogPluginManager: Mounting plugin ChaosSolverPlugin
LogPluginManager: Mounting plugin CharacterAI
LogPluginManager: Mounting plugin GeometryCache
LogPluginManager: Mounting plugin GeometryCollectionPlugin
LogPluginManager: Mounting plugin HTML5Networking
LogPluginManager: Mounting plugin ProxyLODPlugin
LogPluginManager: Mounting plugin SkeletalReduction
LogPluginManager: Mounting plugin MagicLeap
LogPluginManager: Mounting plugin MagicLeapMedia
LogPluginManager: Mounting plugin AndroidMedia
LogPluginManager: Mounting plugin AvfMedia
LogPluginManager: Mounting plugin ImgMedia
LogPluginManager: Mounting plugin LinearTimecode
LogPluginManager: Mounting plugin MediaCompositing
LogPluginManager: Mounting plugin MediaPlayerEditor
LogPluginManager: Mounting plugin WebMMedia
LogPluginManager: Mounting plugin WmfMedia
LogPluginManager: Mounting plugin TcpMessaging
LogPluginManager: Mounting plugin UdpMessaging
LogPluginManager: Mounting plugin ActorSequence
LogPluginManager: Mounting plugin LevelSequenceEditor
LogPluginManager: Mounting plugin MatineeToLevelSequence
LogPluginManager: Mounting plugin NetcodeUnitTest
LogPluginManager: Mounting plugin NUTUnrealEngine4
LogPluginManager: Mounting plugin OnlineSubsystemGooglePlay
LogPluginManager: Mounting plugin OnlineSubsystemIOS
LogPluginManager: Mounting plugin OnlineSubsystem
LogPluginManager: Mounting plugin OnlineSubsystemNull
LogPluginManager: Mounting plugin OnlineSubsystemUtils
LogPluginManager: Mounting plugin LauncherChunkInstaller
LogPluginManager: Mounting plugin AndroidDeviceProfileSelector
LogPluginManager: Mounting plugin AndroidMoviePlayer
LogPluginManager: Mounting plugin AndroidPermission
LogPluginManager: Mounting plugin AppleMoviePlayer
LogPluginManager: Mounting plugin ArchVisCharacter
LogPluginManager: Mounting plugin AudioCapture
LogPluginManager: Mounting plugin CableComponent
LogPluginManager: Mounting plugin CustomMeshComponent
LogPluginManager: Mounting plugin EditableMesh
LogPluginManager: Mounting plugin ExampleDeviceProfileSelector
LogPluginManager: Mounting plugin Firebase
LogPluginManager: Mounting plugin GoogleCloudMessaging
LogPluginManager: Mounting plugin IOSDeviceProfileSelector
LogPluginManager: Mounting plugin LinuxDeviceProfileSelector
LogPluginManager: Mounting plugin LocationServicesBPLibrary
LogPluginManager: Mounting plugin MobilePatchingUtils
LogPluginManager: Mounting plugin OculusVR
LogPluginManager: Mounting plugin PhysXVehicles
LogPluginManager: Mounting plugin ProceduralMeshComponent
LogPluginManager: Mounting plugin RuntimePhysXCooking
LogPluginManager: Mounting plugin SignificanceManager
LogPluginManager: Mounting plugin SteamVR
LogPluginManager: Mounting plugin WebMMoviePlayer
LogPluginManager: Mounting plugin WindowsMoviePlayer
LogPluginManager: Mounting plugin DatasmithCADImporter
LogPluginManager: Mounting plugin DatasmithDataPrepEditor
LogPluginManager: Mounting plugin DatasmithFBXImporter
LogPluginManager: Mounting plugin DatasmithGLTFImporter
LogPluginManager: Mounting plugin DatasmithImporter
LogPluginManager: Mounting plugin MDLImporter
LogPluginManager: Mounting plugin StaticMeshEditorExtension
LogPluginManager: Mounting plugin VariantManager
LogInit: Using libcurl 7.55.1-DEV
LogInit:  - built for x86_64-pc-win32
LogInit:  - supports SSL with OpenSSL/1.1.1
LogInit:  - supports HTTP deflate (compression) using libz 1.2.8
LogInit:  - other features:
LogInit:      CURL_VERSION_SSL
LogInit:      CURL_VERSION_LIBZ
LogInit:      CURL_VERSION_IPV6
LogInit:      CURL_VERSION_ASYNCHDNS
LogInit:      CURL_VERSION_LARGEFILE
LogInit:      CURL_VERSION_IDN
LogInit:  CurlRequestOptions (configurable via config and command line):
LogInit:  - bVerifyPeer = true  - Libcurl will verify peer certificate
LogInit:  - bUseHttpProxy = false  - Libcurl will NOT use HTTP proxy
LogInit:  - bDontReuseConnections = false  - Libcurl will reuse connections
LogInit:  - MaxHostConnections = 16  - Libcurl will limit the number of connections to a host
LogInit:  - LocalHostAddr = Default
LogInit:  - BufferSize = 65536
LogInit: WinSock: version 1.1 (2.2), MaxSocks=32767, MaxUdp=65467
LogInit: Build: ++UE4+Release-4.22-CL-7053642
LogInit: Engine Version: 4.22.3-7053642+++UE4+Release-4.22
LogInit: Compatible Engine Version: 4.22.0-5660361+++UE4+Release-4.22
LogInit: Net CL: 5660361
LogInit: OS: Windows 10 (Release 1809) (), CPU:       Intel(R) Xeon(R) CPU E5-2697 v2 @ 2.70GHz, GPU: AMD FirePro D700 (FireGL V)
LogInit: Compiled (64-bit): Jun 18 2019 03:09:11
LogInit: Compiled with Visual C++: 19.16.27025.01
LogInit: Build Configuration: Development
LogInit: Branch Name: ++UE4+Release-4.22
LogInit: Command Line: 
LogInit: Base Directory: C:/Program Files/Epic Games/UE_4.22/Engine/Binaries/Win64/
LogInit: Installed Engine Build: 1
LogDevObjectVersion: Number of dev versions registered: 23
LogDevObjectVersion:   Dev-Blueprints (B0D832E4-1F89-4F0D-ACCF-7EB736FD4AA2): 10
LogDevObjectVersion:   Dev-Build (E1C64328-A22C-4D53-A36C-8E866417BD8C): 0
LogDevObjectVersion:   Dev-Core (375EC13C-06E4-48FB-B500-84F0262A717E): 3
LogDevObjectVersion:   Dev-Editor (E4B068ED-F494-42E9-A231-DA0B2E46BB41): 30
LogDevObjectVersion:   Dev-Framework (CFFC743F-43B0-4480-9391-14DF171D2073): 35
LogDevObjectVersion:   Dev-Mobile (B02B49B5-BB20-44E9-A304-32B752E40360): 2
LogDevObjectVersion:   Dev-Networking (A4E4105C-59A1-49B5-A7C5-40C4547EDFEE): 0
LogDevObjectVersion:   Dev-Online (39C831C9-5AE6-47DC-9A44-9C173E1C8E7C): 0
LogDevObjectVersion:   Dev-Physics (78F01B33-EBEA-4F98-B9B4-84EACCB95AA2): 0
LogDevObjectVersion:   Dev-Platform (6631380F-2D4D-43E0-8009-CF276956A95A): 0
LogDevObjectVersion:   Dev-Rendering (12F88B9F-8875-4AFC-A67C-D90C383ABD29): 28
LogDevObjectVersion:   Dev-Sequencer (7B5AE74C-D270-4C10-A958-57980B212A5A): 11
LogDevObjectVersion:   Dev-VR (D7296918-1DD6-4BDD-9DE2-64A83CC13884): 2
LogDevObjectVersion:   Dev-LoadTimes (C2A15278-BFE7-4AFE-6C17-90FF531DF755): 1
LogDevObjectVersion:   Private-Geometry (6EACA3D4-40EC-4CC1-B786-8BED09428FC5): 3
LogDevObjectVersion:   Dev-AnimPhys (29E575DD-E0A3-4627-9D10-D276232CDCEA): 17
LogDevObjectVersion:   Dev-Anim (AF43A65D-7FD3-4947-9873-3E8ED9C1BB05): 2
LogDevObjectVersion:   Dev-ReflectionCapture (6B266CEC-1EC7-4B8F-A30B-E4D90942FC07): 1
LogDevObjectVersion:   Dev-Automation (0DF73D61-A23F-47EA-B727-89E90C41499A): 1
LogDevObjectVersion:   FortniteMain (601D1886-AC64-4F84-AA16-D3DE0DEAC7D6): 25
LogDevObjectVersion:   Dev-Enterprise (9DFFBCD6-494F-0158-E221-12823C92A888): 6
LogDevObjectVersion:   Dev-Niagara (F2AED0AC-9AFE-416F-8664-AA7FFA26D6FC): 1
LogDevObjectVersion:   Dev-Destruction (174F1F0B-B4C6-45A5-B13F-2EE8D0FB917D): 2
LogInit: Presizing for max 16777216 objects, including 0 objects not considered by GC, pre-allocating 0 bytes for permanent pool.
LogInit: Object subsystem initialized
LogConfig: Setting CVar [[con.DebugEarlyDefault:1]]
LogConfig: Setting CVar [[r.setres:1280x720]]
[2020.02.01-15.10.15:963][  0]LogConfig: Setting CVar [[r.VSync:0]]
[2020.02.01-15.10.15:963][  0]LogConfig: Setting CVar [[r.RHICmdBypass:0]]
[2020.02.01-15.10.15:963][  0]LogConfig: Applying CVar settings from Section [/Script/Engine.RendererSettings] File [C:/Users/Graphic.SJH519-000W/Documents/GitHub/GGJ20-TheSalamis/SalamisGamejam/Saved/Config/Windows/Engine.ini]
[2020.02.01-15.10.15:963][  0]LogConfig: Setting CVar [[r.GPUCrashDebugging:0]]
[2020.02.01-15.10.15:963][  0]LogConfig: Setting CVar [[r.MobileHDR:1]]
[2020.02.01-15.10.15:963][  0]LogConfig: Setting CVar [[r.Mobile.DisableVertexFog:1]]
[2020.02.01-15.10.15:963][  0]LogConfig: Setting CVar [[r.Shadow.CSM.MaxMobileCascades:2]]
[2020.02.01-15.10.15:963][  0]LogConfig: Setting CVar [[r.MobileMSAA:1]]
[2020.02.01-15.10.15:963][  0]LogConfig: Setting CVar [[r.Mobile.UseLegacyShadingModel:0]]
[2020.02.01-15.10.15:963][  0]LogConfig: Setting CVar [[r.Mobile.UseHWsRGBEncoding:0]]
[2020.02.01-15.10.15:963][  0]LogConfig: Setting CVar [[r.Mobile.AllowDitheredLODTransition:0]]
[2020.02.01-15.10.15:963][  0]LogConfig: Setting CVar [[r.Mobile.AllowSoftwareOcclusion:0]]
[2020.02.01-15.10.15:963][  0]LogConfig: Setting CVar [[r.DiscardUnusedQuality:0]]
[2020.02.01-15.10.15:964][  0]LogConfig: Setting CVar [[r.AllowOcclusionQueries:1]]
[2020.02.01-15.10.15:964][  0]LogConfig: Setting CVar [[r.MinScreenRadiusForLights:0.030000]]
[2020.02.01-15.10.15:964][  0]LogConfig: Setting CVar [[r.MinScreenRadiusForDepthPrepass:0.030000]]
[2020.02.01-15.10.15:964][  0]LogConfig: Setting CVar [[r.MinScreenRadiusForCSMDepth:0.010000]]
[2020.02.01-15.10.15:964][  0]LogConfig: Setting CVar [[r.PrecomputedVisibilityWarning:0]]
[2020.02.01-15.10.15:964][  0]LogConfig: Setting CVar [[r.TextureStreaming:1]]
[2020.02.01-15.10.15:964][  0]LogConfig: Setting CVar [[Compat.UseDXT5NormalMaps:0]]
[2020.02.01-15.10.15:964][  0]LogConfig: Setting CVar [[r.ClearCoatNormal:0]]
[2020.02.01-15.10.15:964][  0]LogConfig: Setting CVar [[r.ReflectionCaptureResolution:128]]
[2020.02.01-15.10.15:964][  0]LogConfig: Setting CVar [[r.ReflectionEnvironmentLightmapMixBasedOnRoughness:1]]
[2020.02.01-15.10.15:964][  0]LogConfig: Setting CVar [[r.ForwardShading:0]]
[2020.02.01-15.10.15:964][  0]LogConfig: Setting CVar [[r.VertexFoggingForOpaque:1]]
[2020.02.01-15.10.15:964][  0]LogConfig: Setting CVar [[r.AllowStaticLighting:1]]
[2020.02.01-15.10.15:964][  0]LogConfig: Setting CVar [[r.NormalMapsForStaticLighting:0]]
[2020.02.01-15.10.15:964][  0]LogConfig: Setting CVar [[r.GenerateMeshDistanceFields:0]]
[2020.02.01-15.10.15:964][  0]LogConfig: Setting CVar [[r.DistanceFieldBuild.EightBit:0]]
[2020.02.01-15.10.15:964][  0]LogConfig: Setting CVar [[r.GenerateLandscapeGIData:0]]
[2020.02.01-15.10.15:964][  0]LogConfig: Setting CVar [[r.DistanceFieldBuild.Compress:0]]
[2020.02.01-15.10.15:964][  0]LogConfig: Setting CVar [[r.TessellationAdaptivePixelsPerTriangle:48.000000]]
[2020.02.01-15.10.15:964][  0]LogConfig: Setting CVar [[r.SeparateTranslucency:1]]
[2020.02.01-15.10.15:964][  0]LogConfig: Setting CVar [[r.TranslucentSortPolicy:0]]
[2020.02.01-15.10.15:964][  0]LogConfig: Setting CVar [[r.CustomDepth:1]]
[2020.02.01-15.10.15:964][  0]LogConfig: Setting CVar [[r.CustomDepthTemporalAAJitter:1]]
[2020.02.01-15.10.15:964][  0]LogConfig: Setting CVar [[r.PostProcessing.PropagateAlpha:0]]
[2020.02.01-15.10.15:965][  0]LogConfig: Setting CVar [[r.DOF.Algorithm:1]]
[2020.02.01-15.10.15:965][  0]LogConfig: Setting CVar [[r.DefaultFeature.Bloom:1]]
[2020.02.01-15.10.15:965][  0]LogConfig: Setting CVar [[r.DefaultFeature.AmbientOcclusion:1]]
[2020.02.01-15.10.15:965][  0]LogConfig: Setting CVar [[r.DefaultFeature.AmbientOcclusionStaticFraction:1]]
[2020.02.01-15.10.15:965][  0]LogConfig: Setting CVar [[r.DefaultFeature.AutoExposure:1]]
[2020.02.01-15.10.15:965][  0]LogConfig: Setting CVar [[r.DefaultFeature.AutoExposure.Method:0]]
[2020.02.01-15.10.15:965][  0]LogConfig: Setting CVar [[r.DefaultFeature.AutoExposure.ExtendDefaultLuminanceRange:0]]
[2020.02.01-15.10.15:965][  0]LogConfig: Setting CVar [[r.UsePreExposure:0]]
[2020.02.01-15.10.15:965][  0]LogConfig: Setting CVar [[r.DefaultFeature.MotionBlur:1]]
[2020.02.01-15.10.15:965][  0]LogConfig: Setting CVar [[r.DefaultFeature.LensFlare:0]]
[2020.02.01-15.10.15:965][  0]LogConfig: Setting CVar [[r.TemporalAA.Upsampling:0]]
[2020.02.01-15.10.15:965][  0]LogConfig: Setting CVar [[r.DefaultFeature.AntiAliasing:2]]
[2020.02.01-15.10.15:965][  0]LogConfig: Setting CVar [[r.DefaultFeature.LightUnits:1]]
[2020.02.01-15.10.15:965][  0]LogConfig: Setting CVar [[r.DefaultBackBufferPixelFormat:4]]
[2020.02.01-15.10.15:965][  0]LogConfig: Setting CVar [[r.Shadow.UnbuiltPreviewInGame:1]]
[2020.02.01-15.10.15:965][  0]LogConfig: Setting CVar [[r.StencilForLODDither:0]]
[2020.02.01-15.10.15:965][  0]LogConfig: Setting CVar [[r.EarlyZPass:3]]
[2020.02.01-15.10.15:965][  0]LogConfig: Setting CVar [[r.EarlyZPassOnlyMaterialMasking:0]]
[2020.02.01-15.10.15:965][  0]LogConfig: Setting CVar [[r.DBuffer:1]]
[2020.02.01-15.10.15:965][  0]LogConfig: Setting CVar [[r.ClearSceneMethod:1]]
[2020.02.01-15.10.15:965][  0]LogConfig: Setting CVar [[r.BasePassOutputsVelocity:0]]
[2020.02.01-15.10.15:965][  0]LogConfig: Setting CVar [[r.SelectiveBasePassOutputs:0]]
[2020.02.01-15.10.15:965][  0]LogConfig: Setting CVar [[fx.GPUSimulationTextureSizeX:1024]]
[2020.02.01-15.10.15:965][  0]LogConfig: Setting CVar [[fx.GPUSimulationTextureSizeY:1024]]
[2020.02.01-15.10.15:966][  0]LogConfig: Setting CVar [[r.AllowGlobalClipPlane:0]]
[2020.02.01-15.10.15:966][  0]LogConfig: Setting CVar [[r.GBufferFormat:1]]
[2020.02.01-15.10.15:966][  0]LogConfig: Setting CVar [[r.MorphTarget.Mode:1]]
[2020.02.01-15.10.15:966][  0]LogConfig: Setting CVar [[vr.InstancedStereo:0]]
[2020.02.01-15.10.15:966][  0]LogConfig: Setting CVar [[vr.MultiView:0]]
[2020.02.01-15.10.15:966][  0]LogConfig: Setting CVar [[vr.MobileMultiView:0]]
[2020.02.01-15.10.15:966][  0]LogConfig: Setting CVar [[vr.MobileMultiView.Direct:0]]
[2020.02.01-15.10.15:966][  0]LogConfig: Setting CVar [[vr.RoundRobinOcclusion:0]]
[2020.02.01-15.10.15:966][  0]LogConfig: Setting CVar [[vr.ODSCapture:0]]
[2020.02.01-15.10.15:966][  0]LogConfig: Setting CVar [[r.WireframeCullThreshold:5.000000]]
[2020.02.01-15.10.15:966][  0]LogConfig: Setting CVar [[r.RayTracing:0]]
[2020.02.01-15.10.15:966][  0]LogConfig: Setting CVar [[r.SupportStationarySkylight:1]]
[2020.02.01-15.10.15:966][  0]LogConfig: Setting CVar [[r.SupportLowQualityLightmaps:1]]
[2020.02.01-15.10.15:966][  0]LogConfig: Setting CVar [[r.SupportPointLightWholeSceneShadows:1]]
[2020.02.01-15.10.15:966][  0]LogConfig: Setting CVar [[r.SupportAtmosphericFog:1]]
[2020.02.01-15.10.15:966][  0]LogConfig: Setting CVar [[r.SkinCache.CompileShaders:0]]
[2020.02.01-15.10.15:966][  0]LogConfig: Setting CVar [[r.Mobile.EnableStaticAndCSMShadowReceivers:1]]
[2020.02.01-15.10.15:966][  0]LogConfig: Setting CVar [[r.Mobile.EnableMovableLightCSMShaderCulling:1]]
[2020.02.01-15.10.15:966][  0]LogConfig: Setting CVar [[r.Mobile.AllowDistanceFieldShadows:1]]
[2020.02.01-15.10.15:966][  0]LogConfig: Setting CVar [[r.Mobile.AllowMovableDirectionalLights:1]]
[2020.02.01-15.10.15:966][  0]LogConfig: Setting CVar [[r.MobileNumDynamicPointLights:4]]
[2020.02.01-15.10.15:966][  0]LogConfig: Setting CVar [[r.MobileDynamicPointLightsUseStaticBranch:1]]
[2020.02.01-15.10.15:966][  0]LogConfig: Setting CVar [[r.Mobile.EnableMovableSpotlights:0]]
[2020.02.01-15.10.15:966][  0]LogConfig: Setting CVar [[r.SkinCache.SceneMemoryLimitInMB:128.000000]]
[2020.02.01-15.10.15:967][  0]LogConfig: Setting CVar [[r.GPUSkin.Limit2BoneInfluences:0]]
[2020.02.01-15.10.15:967][  0]LogConfig: Setting CVar [[r.SupportDepthOnlyIndexBuffers:1]]
[2020.02.01-15.10.15:967][  0]LogConfig: Setting CVar [[r.SupportReversedIndexBuffers:1]]
[2020.02.01-15.10.15:967][  0]LogConfig: Setting CVar [[r.SupportMaterialLayers:0]]
[2020.02.01-15.10.15:967][  0]LogConfig: Applying CVar settings from Section [/Script/Engine.RendererOverrideSettings] File [C:/Users/Graphic.SJH519-000W/Documents/GitHub/GGJ20-TheSalamis/SalamisGamejam/Saved/Config/Windows/Engine.ini]
[2020.02.01-15.10.15:967][  0]LogConfig: Applying CVar settings from Section [/Script/Engine.StreamingSettings] File [C:/Users/Graphic.SJH519-000W/Documents/GitHub/GGJ20-TheSalamis/SalamisGamejam/Saved/Config/Windows/Engine.ini]
[2020.02.01-15.10.15:967][  0]LogConfig: Setting CVar [[s.MinBulkDataSizeForAsyncLoading:131072]]
[2020.02.01-15.10.15:967][  0]LogConfig: Setting CVar [[s.AsyncLoadingThreadEnabled:0]]
[2020.02.01-15.10.15:967][  0]LogConfig: Setting CVar [[s.EventDrivenLoaderEnabled:1]]
[2020.02.01-15.10.15:967][  0]LogConfig: Setting CVar [[s.WarnIfTimeLimitExceeded:0]]
[2020.02.01-15.10.15:967][  0]LogConfig: Setting CVar [[s.TimeLimitExceededMultiplier:1.5]]
[2020.02.01-15.10.15:967][  0]LogConfig: Setting CVar [[s.TimeLimitExceededMinTime:0.005]]
[2020.02.01-15.10.15:967][  0]LogConfig: Setting CVar [[s.UseBackgroundLevelStreaming:1]]
[2020.02.01-15.10.15:967][  0]LogConfig: Setting CVar [[s.PriorityAsyncLoadingExtraTime:15.0]]
[2020.02.01-15.10.15:967][  0]LogConfig: Setting CVar [[s.LevelStreamingActorsUpdateTimeLimit:5.0]]
[2020.02.01-15.10.15:967][  0]LogConfig: Setting CVar [[s.PriorityLevelStreamingActorsUpdateExtraTime:5.0]]
[2020.02.01-15.10.15:967][  0]LogConfig: Setting CVar [[s.LevelStreamingComponentsRegistrationGranularity:10]]
[2020.02.01-15.10.15:967][  0]LogConfig: Setting CVar [[s.UnregisterComponentsTimeLimit:1.0]]
[2020.02.01-15.10.15:967][  0]LogConfig: Setting CVar [[s.LevelStreamingComponentsUnregistrationGranularity:5]]
[2020.02.01-15.10.15:967][  0]LogConfig: Applying CVar settings from Section [/Script/Engine.GarbageCollectionSettings] File [C:/Users/Graphic.SJH519-000W/Documents/GitHub/GGJ20-TheSalamis/SalamisGamejam/Saved/Config/Windows/Engine.ini]
[2020.02.01-15.10.15:967][  0]LogConfig: Setting CVar [[gc.MaxObjectsNotConsideredByGC:1]]
[2020.02.01-15.10.15:967][  0]LogConfig: Setting CVar [[gc.SizeOfPermanentObjectPool:0]]
[2020.02.01-15.10.15:967][  0]LogConfig: Setting CVar [[gc.FlushStreamingOnGC:0]]
[2020.02.01-15.10.15:967][  0]LogConfig: Setting CVar [[gc.NumRetriesBeforeForcingGC:10]]
[2020.02.01-15.10.15:968][  0]LogConfig: Setting CVar [[gc.AllowParallelGC:1]]
[2020.02.01-15.10.15:968][  0]LogConfig: Setting CVar [[gc.TimeBetweenPurgingPendingKillObjects:61.1]]
[2020.02.01-15.10.15:968][  0]LogConfig: Setting CVar [[gc.MaxObjectsInEditor:16777216]]
[2020.02.01-15.10.15:968][  0]LogConfig: Setting CVar [[gc.IncrementalBeginDestroyEnabled:1]]
[2020.02.01-15.10.15:968][  0]LogConfig: Setting CVar [[gc.CreateGCClusters:1]]
[2020.02.01-15.10.15:968][  0]LogConfig: Setting CVar [[gc.MinGCClusterSize:5]]
[2020.02.01-15.10.15:968][  0]LogConfig: Setting CVar [[gc.ActorClusteringEnabled:0]]
[2020.02.01-15.10.15:968][  0]LogConfig: Setting CVar [[gc.BlueprintClusteringEnabled:0]]
[2020.02.01-15.10.15:968][  0]LogConfig: Setting CVar [[gc.UseDisregardForGCOnDedicatedServers:0]]
[2020.02.01-15.10.15:968][  0]LogConfig: Applying CVar settings from Section [/Script/Engine.NetworkSettings] File [C:/Users/Graphic.SJH519-000W/Documents/GitHub/GGJ20-TheSalamis/SalamisGamejam/Saved/Config/Windows/Engine.ini]
[2020.02.01-15.10.15:968][  0]LogConfig: Applying CVar settings from Section [/Script/UnrealEd.CookerSettings] File [C:/Users/Graphic.SJH519-000W/Documents/GitHub/GGJ20-TheSalamis/SalamisGamejam/Saved/Config/Windows/Engine.ini]
[2020.02.01-15.10.15:999][  0]LogConfig: Applying CVar settings from Section [ViewDistanceQuality@3] File [C:/Users/Graphic.SJH519-000W/Documents/GitHub/GGJ20-TheSalamis/SalamisGamejam/Saved/Config/Windows/Scalability.ini]
[2020.02.01-15.10.15:999][  0]LogConfig: Setting CVar [[r.SkeletalMeshLODBias:0]]
[2020.02.01-15.10.15:999][  0]LogConfig: Setting CVar [[r.ViewDistanceScale:1.0]]
[2020.02.01-15.10.15:999][  0]LogConfig: Applying CVar settings from Section [AntiAliasingQuality@3] File [C:/Users/Graphic.SJH519-000W/Documents/GitHub/GGJ20-TheSalamis/SalamisGamejam/Saved/Config/Windows/Scalability.ini]
[2020.02.01-15.10.15:999][  0]LogConfig: Setting CVar [[r.PostProcessAAQuality:4]]
[2020.02.01-15.10.15:999][  0]LogConfig: Applying CVar settings from Section [ShadowQuality@3] File [C:/Users/Graphic.SJH519-000W/Documents/GitHub/GGJ20-TheSalamis/SalamisGamejam/Saved/Config/Windows/Scalability.ini]
[2020.02.01-15.10.15:999][  0]LogConfig: Setting CVar [[r.LightFunctionQuality:1]]
[2020.02.01-15.10.15:999][  0]LogConfig: Setting CVar [[r.ShadowQuality:5]]
[2020.02.01-15.10.15:999][  0]LogConfig: Setting CVar [[r.Shadow.CSM.MaxCascades:10]]
[2020.02.01-15.10.15:999][  0]LogConfig: Setting CVar [[r.Shadow.MaxResolution:2048]]
[2020.02.01-15.10.15:999][  0]LogConfig: Setting CVar [[r.Shadow.MaxCSMResolution:2048]]
[2020.02.01-15.10.15:999][  0]LogConfig: Setting CVar [[r.Shadow.RadiusThreshold:0.01]]
[2020.02.01-15.10.15:999][  0]LogConfig: Setting CVar [[r.Shadow.DistanceScale:1.0]]
[2020.02.01-15.10.15:999][  0]LogConfig: Setting CVar [[r.Shadow.CSM.TransitionScale:1.0]]
[2020.02.01-15.10.15:999][  0]LogConfig: Setting CVar [[r.Shadow.PreShadowResolutionFactor:1.0]]
[2020.02.01-15.10.15:999][  0]LogConfig: Setting CVar [[r.DistanceFieldShadowing:1]]
[2020.02.01-15.10.15:999][  0]LogConfig: Setting CVar [[r.DistanceFieldAO:1]]
[2020.02.01-15.10.15:999][  0]LogConfig: Setting CVar [[r.AOQuality:2]]
[2020.02.01-15.10.15:999][  0]LogConfig: Setting CVar [[r.VolumetricFog:1]]
[2020.02.01-15.10.15:999][  0]LogConfig: Setting CVar [[r.VolumetricFog.GridPixelSize:8]]
[2020.02.01-15.10.15:999][  0]LogConfig: Setting CVar [[r.VolumetricFog.GridSizeZ:128]]
[2020.02.01-15.10.15:999][  0]LogConfig: Setting CVar [[r.VolumetricFog.HistoryMissSupersampleCount:4]]
[2020.02.01-15.10.15:999][  0]LogConfig: Setting CVar [[r.LightMaxDrawDistanceScale:1]]
[2020.02.01-15.10.15:999][  0]LogConfig: Setting CVar [[r.CapsuleShadows:1]]
[2020.02.01-15.10.15:999][  0]LogConfig: Applying CVar settings from Section [PostProcessQuality@3] File [C:/Users/Graphic.SJH519-000W/Documents/GitHub/GGJ20-TheSalamis/SalamisGamejam/Saved/Config/Windows/Scalability.ini]
[2020.02.01-15.10.15:999][  0]LogConfig: Setting CVar [[r.MotionBlurQuality:4]]
[2020.02.01-15.10.15:999][  0]LogConfig: Setting CVar [[r.AmbientOcclusionMipLevelFactor:0.4]]
[2020.02.01-15.10.16:000][  0]LogConfig: Setting CVar [[r.AmbientOcclusionMaxQuality:100]]
[2020.02.01-15.10.16:000][  0]LogConfig: Setting CVar [[r.AmbientOcclusionLevels:-1]]
[2020.02.01-15.10.16:000][  0]LogConfig: Setting CVar [[r.AmbientOcclusionRadiusScale:1.0]]
[2020.02.01-15.10.16:000][  0]LogConfig: Setting CVar [[r.DepthOfFieldQuality:2]]
[2020.02.01-15.10.16:000][  0]LogConfig: Setting CVar [[r.RenderTargetPoolMin:400]]
[2020.02.01-15.10.16:000][  0]LogConfig: Setting CVar [[r.LensFlareQuality:2]]
[2020.02.01-15.10.16:000][  0]LogConfig: Setting CVar [[r.SceneColorFringeQuality:1]]
[2020.02.01-15.10.16:000][  0]LogConfig: Setting CVar [[r.EyeAdaptationQuality:2]]
[2020.02.01-15.10.16:000][  0]LogConfig: Setting CVar [[r.BloomQuality:5]]
[2020.02.01-15.10.16:000][  0]LogConfig: Setting CVar [[r.FastBlurThreshold:100]]
[2020.02.01-15.10.16:000][  0]LogConfig: Setting CVar [[r.Upscale.Quality:3]]
[2020.02.01-15.10.16:000][  0]LogConfig: Setting CVar [[r.Tonemapper.GrainQuantization:1]]
[2020.02.01-15.10.16:000][  0]LogConfig: Setting CVar [[r.LightShaftQuality:1]]
[2020.02.01-15.10.16:000][  0]LogConfig: Setting CVar [[r.Filter.SizeScale:1]]
[2020.02.01-15.10.16:000][  0]LogConfig: Setting CVar [[r.Tonemapper.Quality:5]]
[2020.02.01-15.10.16:000][  0]LogConfig: Setting CVar [[r.DOF.Gather.AccumulatorQuality:1        ; higher gathering accumulator quality]]
[2020.02.01-15.10.16:000][  0]LogConfig: Setting CVar [[r.DOF.Gather.PostfilterMethod:1          ; Median3x3 postfilering method]]
[2020.02.01-15.10.16:000][  0]LogConfig: Setting CVar [[r.DOF.Gather.EnableBokehSettings:0       ; no bokeh simulation when gathering]]
[2020.02.01-15.10.16:000][  0]LogConfig: Setting CVar [[r.DOF.Gather.RingCount:4                 ; medium number of samples when gathering]]
[2020.02.01-15.10.16:000][  0]LogConfig: Setting CVar [[r.DOF.Scatter.ForegroundCompositing:1    ; additive foreground scattering]]
[2020.02.01-15.10.16:000][  0]LogConfig: Setting CVar [[r.DOF.Scatter.BackgroundCompositing:2    ; additive background scattering]]
[2020.02.01-15.10.16:000][  0]LogConfig: Setting CVar [[r.DOF.Scatter.EnableBokehSettings:1      ; bokeh simulation when scattering]]
[2020.02.01-15.10.16:000][  0]LogConfig: Setting CVar [[r.DOF.Scatter.MaxSpriteRatio:0.1         ; only a maximum of 10% of scattered bokeh]]
[2020.02.01-15.10.16:000][  0]LogConfig: Setting CVar [[r.DOF.Recombine.Quality:1                ; cheap slight out of focus]]
[2020.02.01-15.10.16:000][  0]LogConfig: Setting CVar [[r.DOF.Recombine.EnableBokehSettings:0    ; no bokeh simulation on slight out of focus]]
[2020.02.01-15.10.16:000][  0]LogConfig: Setting CVar [[r.DOF.TemporalAAQuality:1                ; more stable temporal accumulation]]
[2020.02.01-15.10.16:000][  0]LogConfig: Setting CVar [[r.DOF.Kernel.MaxForegroundRadius:0.025]]
[2020.02.01-15.10.16:000][  0]LogConfig: Setting CVar [[r.DOF.Kernel.MaxBackgroundRadius:0.025]]
[2020.02.01-15.10.16:000][  0]LogConfig: Applying CVar settings from Section [TextureQuality@3] File [C:/Users/Graphic.SJH519-000W/Documents/GitHub/GGJ20-TheSalamis/SalamisGamejam/Saved/Config/Windows/Scalability.ini]
[2020.02.01-15.10.16:000][  0]LogConfig: Setting CVar [[r.Streaming.MipBias:0]]
[2020.02.01-15.10.16:000][  0]LogConfig: Setting CVar [[r.Streaming.AmortizeCPUToGPUCopy:0]]
[2020.02.01-15.10.16:000][  0]LogConfig: Setting CVar [[r.Streaming.MaxNumTexturesToStreamPerFrame:0]]
[2020.02.01-15.10.16:000][  0]LogConfig: Setting CVar [[r.Streaming.Boost:1]]
[2020.02.01-15.10.16:000][  0]LogConfig: Setting CVar [[r.MaxAnisotropy:8]]
[2020.02.01-15.10.16:000][  0]LogConfig: Setting CVar [[r.Streaming.LimitPoolSizeToVRAM:0]]
[2020.02.01-15.10.16:000][  0]LogConfig: Setting CVar [[r.Streaming.PoolSize:1000]]
[2020.02.01-15.10.16:000][  0]LogConfig: Setting CVar [[r.Streaming.MaxEffectiveScreenSize:0]]
[2020.02.01-15.10.16:000][  0]LogConfig: Applying CVar settings from Section [EffectsQuality@3] File [C:/Users/Graphic.SJH519-000W/Documents/GitHub/GGJ20-TheSalamis/SalamisGamejam/Saved/Config/Windows/Scalability.ini]
[2020.02.01-15.10.16:000][  0]LogConfig: Setting CVar [[r.TranslucencyLightingVolumeDim:64]]
[2020.02.01-15.10.16:000][  0]LogConfig: Setting CVar [[r.RefractionQuality:2]]
[2020.02.01-15.10.16:000][  0]LogConfig: Setting CVar [[r.SSR.Quality:3]]
[2020.02.01-15.10.16:000][  0]LogConfig: Setting CVar [[r.SceneColorFormat:4]]
[2020.02.01-15.10.16:000][  0]LogConfig: Setting CVar [[r.DetailMode:2]]
[2020.02.01-15.10.16:000][  0]LogConfig: Setting CVar [[r.TranslucencyVolumeBlur:1]]
[2020.02.01-15.10.16:000][  0]LogConfig: Setting CVar [[r.MaterialQualityLevel:1 ; High quality]]
[2020.02.01-15.10.16:000][  0]LogConfig: Setting CVar [[r.SSS.Scale:1]]
[2020.02.01-15.10.16:000][  0]LogConfig: Setting CVar [[r.SSS.SampleSet:2]]
[2020.02.01-15.10.16:000][  0]LogConfig: Setting CVar [[r.SSS.Quality:1]]
[2020.02.01-15.10.16:000][  0]LogConfig: Setting CVar [[r.SSS.HalfRes:1]]
[2020.02.01-15.10.16:000][  0]LogConfig: Setting CVar [[r.EmitterSpawnRateScale:1.0]]
[2020.02.01-15.10.16:000][  0]LogConfig: Setting CVar [[r.ParticleLightQuality:2]]
[2020.02.01-15.10.16:000][  0]LogConfig: Applying CVar settings from Section [FoliageQuality@3] File [C:/Users/Graphic.SJH519-000W/Documents/GitHub/GGJ20-TheSalamis/SalamisGamejam/Saved/Config/Windows/Scalability.ini]
[2020.02.01-15.10.16:000][  0]LogConfig: Setting CVar [[foliage.DensityScale:1.0]]
[2020.02.01-15.10.16:000][  0]LogConfig: Setting CVar [[grass.DensityScale:1.0]]
[2020.02.01-15.10.16:001][  0]LogInit: Selected Device Profile: [Windows]
[2020.02.01-15.10.16:001][  0]LogInit: Applying CVar settings loaded from the selected device profile: [Windows]
[2020.02.01-15.10.16:020][  0]LogHAL: Display: Platform has ~ 64 GB [68689129472 / 68719476736 / 64], which maps to Largest [LargestMinGB=32, LargerMinGB=12, DefaultMinGB=8, SmallerMinGB=6, SmallestMinGB=0)
[2020.02.01-15.10.16:020][  0]LogConfig: Setting CVar [[r.Vulkan.UseRealUBs:0		; Required until we fix HLR fall-out]]
[2020.02.01-15.10.16:020][  0]LogInit: Going up to parent DeviceProfile []
[2020.02.01-15.10.16:020][  0]LogConfig: Applying CVar settings from Section [ViewDistanceQuality@3] File [C:/Users/Graphic.SJH519-000W/Documents/GitHub/GGJ20-TheSalamis/SalamisGamejam/Saved/Config/Windows/Scalability.ini]
[2020.02.01-15.10.16:020][  0]LogConfig: Setting CVar [[r.SkeletalMeshLODBias:0]]
[2020.02.01-15.10.16:020][  0]LogConfig: Setting CVar [[r.ViewDistanceScale:1.0]]
[2020.02.01-15.10.16:020][  0]LogConfig: Applying CVar settings from Section [AntiAliasingQuality@3] File [C:/Users/Graphic.SJH519-000W/Documents/GitHub/GGJ20-TheSalamis/SalamisGamejam/Saved/Config/Windows/Scalability.ini]
[2020.02.01-15.10.16:020][  0]LogConfig: Setting CVar [[r.PostProcessAAQuality:4]]
[2020.02.01-15.10.16:020][  0]LogConfig: Applying CVar settings from Section [ShadowQuality@3] File [C:/Users/Graphic.SJH519-000W/Documents/GitHub/GGJ20-TheSalamis/SalamisGamejam/Saved/Config/Windows/Scalability.ini]
[2020.02.01-15.10.16:020][  0]LogConfig: Setting CVar [[r.LightFunctionQuality:1]]
[2020.02.01-15.10.16:020][  0]LogConfig: Setting CVar [[r.ShadowQuality:5]]
[2020.02.01-15.10.16:020][  0]LogConfig: Setting CVar [[r.Shadow.CSM.MaxCascades:10]]
[2020.02.01-15.10.16:020][  0]LogConfig: Setting CVar [[r.Shadow.MaxResolution:2048]]
[2020.02.01-15.10.16:020][  0]LogConfig: Setting CVar [[r.Shadow.MaxCSMResolution:2048]]
[2020.02.01-15.10.16:020][  0]LogConfig: Setting CVar [[r.Shadow.RadiusThreshold:0.01]]
[2020.02.01-15.10.16:020][  0]LogConfig: Setting CVar [[r.Shadow.DistanceScale:1.0]]
[2020.02.01-15.10.16:020][  0]LogConfig: Setting CVar [[r.Shadow.CSM.TransitionScale:1.0]]
[2020.02.01-15.10.16:020][  0]LogConfig: Setting CVar [[r.Shadow.PreShadowResolutionFactor:1.0]]
[2020.02.01-15.10.16:020][  0]LogConfig: Setting CVar [[r.DistanceFieldShadowing:1]]
[2020.02.01-15.10.16:020][  0]LogConfig: Setting CVar [[r.DistanceFieldAO:1]]
[2020.02.01-15.10.16:021][  0]LogConfig: Setting CVar [[r.AOQuality:2]]
[2020.02.01-15.10.16:021][  0]LogConfig: Setting CVar [[r.VolumetricFog:1]]
[2020.02.01-15.10.16:021][  0]LogConfig: Setting CVar [[r.VolumetricFog.GridPixelSize:8]]
[2020.02.01-15.10.16:021][  0]LogConfig: Setting CVar [[r.VolumetricFog.GridSizeZ:128]]
[2020.02.01-15.10.16:021][  0]LogConfig: Setting CVar [[r.VolumetricFog.HistoryMissSupersampleCount:4]]
[2020.02.01-15.10.16:021][  0]LogConfig: Setting CVar [[r.LightMaxDrawDistanceScale:1]]
[2020.02.01-15.10.16:021][  0]LogConfig: Setting CVar [[r.CapsuleShadows:1]]
[2020.02.01-15.10.16:021][  0]LogConfig: Applying CVar settings from Section [PostProcessQuality@3] File [C:/Users/Graphic.SJH519-000W/Documents/GitHub/GGJ20-TheSalamis/SalamisGamejam/Saved/Config/Windows/Scalability.ini]
[2020.02.01-15.10.16:021][  0]LogConfig: Setting CVar [[r.MotionBlurQuality:4]]
[2020.02.01-15.10.16:021][  0]LogConfig: Setting CVar [[r.AmbientOcclusionMipLevelFactor:0.4]]
[2020.02.01-15.10.16:021][  0]LogConfig: Setting CVar [[r.AmbientOcclusionMaxQuality:100]]
[2020.02.01-15.10.16:021][  0]LogConfig: Setting CVar [[r.AmbientOcclusionLevels:-1]]
[2020.02.01-15.10.16:021][  0]LogConfig: Setting CVar [[r.AmbientOcclusionRadiusScale:1.0]]
[2020.02.01-15.10.16:021][  0]LogConfig: Setting CVar [[r.DepthOfFieldQuality:2]]
[2020.02.01-15.10.16:021][  0]LogConfig: Setting CVar [[r.RenderTargetPoolMin:400]]
[2020.02.01-15.10.16:021][  0]LogConfig: Setting CVar [[r.LensFlareQuality:2]]
[2020.02.01-15.10.16:021][  0]LogConfig: Setting CVar [[r.SceneColorFringeQuality:1]]
[2020.02.01-15.10.16:021][  0]LogConfig: Setting CVar [[r.EyeAdaptationQuality:2]]
[2020.02.01-15.10.16:021][  0]LogConfig: Setting CVar [[r.BloomQuality:5]]
[2020.02.01-15.10.16:021][  0]LogConfig: Setting CVar [[r.FastBlurThreshold:100]]
[2020.02.01-15.10.16:021][  0]LogConfig: Setting CVar [[r.Upscale.Quality:3]]
[2020.02.01-15.10.16:021][  0]LogConfig: Setting CVar [[r.Tonemapper.GrainQuantization:1]]
[2020.02.01-15.10.16:021][  0]LogConfig: Setting CVar [[r.LightShaftQuality:1]]
[2020.02.01-15.10.16:021][  0]LogConfig: Setting CVar [[r.Filter.SizeScale:1]]
[2020.02.01-15.10.16:021][  0]LogConfig: Setting CVar [[r.Tonemapper.Quality:5]]
[2020.02.01-15.10.16:021][  0]LogConfig: Setting CVar [[r.DOF.Gather.AccumulatorQuality:1        ; higher gathering accumulator quality]]
[2020.02.01-15.10.16:021][  0]LogConfig: Setting CVar [[r.DOF.Gather.PostfilterMethod:1          ; Median3x3 postfilering method]]
[2020.02.01-15.10.16:021][  0]LogConfig: Setting CVar [[r.DOF.Gather.EnableBokehSettings:0       ; no bokeh simulation when gathering]]
[2020.02.01-15.10.16:021][  0]LogConfig: Setting CVar [[r.DOF.Gather.RingCount:4                 ; medium number of samples when gathering]]
[2020.02.01-15.10.16:021][  0]LogConfig: Setting CVar [[r.DOF.Scatter.ForegroundCompositing:1    ; additive foreground scattering]]
[2020.02.01-15.10.16:021][  0]LogConfig: Setting CVar [[r.DOF.Scatter.BackgroundCompositing:2    ; additive background scattering]]
[2020.02.01-15.10.16:021][  0]LogConfig: Setting CVar [[r.DOF.Scatter.EnableBokehSettings:1      ; bokeh simulation when scattering]]
[2020.02.01-15.10.16:021][  0]LogConfig: Setting CVar [[r.DOF.Scatter.MaxSpriteRatio:0.1         ; only a maximum of 10% of scattered bokeh]]
[2020.02.01-15.10.16:021][  0]LogConfig: Setting CVar [[r.DOF.Recombine.Quality:1                ; cheap slight out of focus]]
[2020.02.01-15.10.16:021][  0]LogConfig: Setting CVar [[r.DOF.Recombine.EnableBokehSettings:0    ; no bokeh simulation on slight out of focus]]
[2020.02.01-15.10.16:021][  0]LogConfig: Setting CVar [[r.DOF.TemporalAAQuality:1                ; more stable temporal accumulation]]
[2020.02.01-15.10.16:021][  0]LogConfig: Setting CVar [[r.DOF.Kernel.MaxForegroundRadius:0.025]]
[2020.02.01-15.10.16:021][  0]LogConfig: Setting CVar [[r.DOF.Kernel.MaxBackgroundRadius:0.025]]
[2020.02.01-15.10.16:021][  0]LogConfig: Applying CVar settings from Section [TextureQuality@3] File [C:/Users/Graphic.SJH519-000W/Documents/GitHub/GGJ20-TheSalamis/SalamisGamejam/Saved/Config/Windows/Scalability.ini]
[2020.02.01-15.10.16:021][  0]LogConfig: Setting CVar [[r.Streaming.MipBias:0]]
[2020.02.01-15.10.16:021][  0]LogConfig: Setting CVar [[r.Streaming.AmortizeCPUToGPUCopy:0]]
[2020.02.01-15.10.16:021][  0]LogConfig: Setting CVar [[r.Streaming.MaxNumTexturesToStreamPerFrame:0]]
[2020.02.01-15.10.16:021][  0]LogConfig: Setting CVar [[r.Streaming.Boost:1]]
[2020.02.01-15.10.16:021][  0]LogConfig: Setting CVar [[r.MaxAnisotropy:8]]
[2020.02.01-15.10.16:021][  0]LogConfig: Setting CVar [[r.Streaming.LimitPoolSizeToVRAM:0]]
[2020.02.01-15.10.16:021][  0]LogConfig: Setting CVar [[r.Streaming.PoolSize:1000]]
[2020.02.01-15.10.16:021][  0]LogConfig: Setting CVar [[r.Streaming.MaxEffectiveScreenSize:0]]
[2020.02.01-15.10.16:021][  0]LogConfig: Applying CVar settings from Section [EffectsQuality@3] File [C:/Users/Graphic.SJH519-000W/Documents/GitHub/GGJ20-TheSalamis/SalamisGamejam/Saved/Config/Windows/Scalability.ini]
[2020.02.01-15.10.16:021][  0]LogConfig: Setting CVar [[r.TranslucencyLightingVolumeDim:64]]
[2020.02.01-15.10.16:021][  0]LogConfig: Setting CVar [[r.RefractionQuality:2]]
[2020.02.01-15.10.16:021][  0]LogConfig: Setting CVar [[r.SSR.Quality:3]]
[2020.02.01-15.10.16:021][  0]LogConfig: Setting CVar [[r.SceneColorFormat:4]]
[2020.02.01-15.10.16:021][  0]LogConfig: Setting CVar [[r.DetailMode:2]]
[2020.02.01-15.10.16:022][  0]LogConfig: Setting CVar [[r.TranslucencyVolumeBlur:1]]
[2020.02.01-15.10.16:022][  0]LogConfig: Setting CVar [[r.MaterialQualityLevel:1 ; High quality]]
[2020.02.01-15.10.16:022][  0]LogConfig: Setting CVar [[r.SSS.Scale:1]]
[2020.02.01-15.10.16:022][  0]LogConfig: Setting CVar [[r.SSS.SampleSet:2]]
[2020.02.01-15.10.16:022][  0]LogConfig: Setting CVar [[r.SSS.Quality:1]]
[2020.02.01-15.10.16:022][  0]LogConfig: Setting CVar [[r.SSS.HalfRes:1]]
[2020.02.01-15.10.16:022][  0]LogConfig: Setting CVar [[r.EmitterSpawnRateScale:1.0]]
[2020.02.01-15.10.16:022][  0]LogConfig: Setting CVar [[r.ParticleLightQuality:2]]
[2020.02.01-15.10.16:022][  0]LogConfig: Applying CVar settings from Section [FoliageQuality@3] File [C:/Users/Graphic.SJH519-000W/Documents/GitHub/GGJ20-TheSalamis/SalamisGamejam/Saved/Config/Windows/Scalability.ini]
[2020.02.01-15.10.16:022][  0]LogConfig: Setting CVar [[foliage.DensityScale:1.0]]
[2020.02.01-15.10.16:022][  0]LogConfig: Setting CVar [[grass.DensityScale:1.0]]
[2020.02.01-15.10.16:022][  0]LogConfig: Applying CVar settings from Section [Startup] File [../../../Engine/Config/ConsoleVariables.ini]
[2020.02.01-15.10.16:022][  0]LogConfig: Setting CVar [[net.UseAdaptiveNetUpdateFrequency:0]]
[2020.02.01-15.10.16:022][  0]LogConfig: Setting CVar [[p.chaos.AllowCreatePhysxBodies:1]]
[2020.02.01-15.10.16:022][  0]LogConfig: Applying CVar settings from Section [ConsoleVariables] File [C:/Users/Graphic.SJH519-000W/Documents/GitHub/GGJ20-TheSalamis/SalamisGamejam/Saved/Config/Windows/Engine.ini]
[2020.02.01-15.10.16:022][  0]LogInit: Computer: WFD229-19W
[2020.02.01-15.10.16:022][  0]LogInit: User: Graphic
[2020.02.01-15.10.16:022][  0]LogInit: CPU Page size=4096, Cores=12
[2020.02.01-15.10.16:022][  0]LogInit: High frequency timer resolution =10.000000 MHz
[2020.02.01-15.10.16:023][  0]LogMemory: Memory total: Physical=64.0GB (64GB approx)
[2020.02.01-15.10.16:023][  0]LogMemory: Platform Memory Stats for Windows
[2020.02.01-15.10.16:023][  0]LogMemory: Process Physical Memory: 100.82 MB used, 100.83 MB peak
[2020.02.01-15.10.16:023][  0]LogMemory: Process Virtual Memory: 92.70 MB used, 92.70 MB peak
[2020.02.01-15.10.16:023][  0]LogMemory: Physical Memory: 6155.54 MB used,  59351.52 MB free, 65507.06 MB total
[2020.02.01-15.10.16:023][  0]LogMemory: Virtual Memory: 4726.68 MB used,  134213000.00 MB free, 134217728.00 MB total
[2020.02.01-15.10.16:045][  0]LogInit: Using OS detected language (en-US).
[2020.02.01-15.10.16:045][  0]LogInit: Using OS detected locale (en-US).
[2020.02.01-15.10.16:046][  0]LogTextLocalizationManager: No specific localization for 'en-US' exists, so the 'en' localization will be used.
[2020.02.01-15.10.16:236][  0]LogInit: Setting process to per monitor DPI aware
[2020.02.01-15.10.16:287][  0]LogSlate: New Slate User Created.  User Index 0, Is Virtual User: 0
[2020.02.01-15.10.16:287][  0]LogSlate: Slate User Registered.  User Index 0, Is Virtual User: 0
[2020.02.01-15.10.16:542][  0]LogHMD: Failed to initialize OpenVR with code 110
[2020.02.01-15.10.16:542][  0]LogD3D11RHI: D3D11 adapters:
[2020.02.01-15.10.17:888][  0]LogD3D11RHI:    0. 'AMD FirePro D700 (FireGL V)' (Feature Level 11_0)
[2020.02.01-15.10.17:888][  0]LogD3D11RHI:       6123/0/32753 MB DedicatedVideo/DedicatedSystem/SharedSystem, Outputs:2, VendorId:0x1002
[2020.02.01-15.10.17:891][  0]LogD3D11RHI:    1. 'Microsoft Basic Render Driver' (Feature Level 11_0)
[2020.02.01-15.10.17:891][  0]LogD3D11RHI:       0/0/32753 MB DedicatedVideo/DedicatedSystem/SharedSystem, Outputs:0, VendorId:0x1414
[2020.02.01-15.10.17:891][  0]LogD3D11RHI: Chosen D3D11 Adapter: 0
[2020.02.01-15.10.17:897][  0]LogD3D11RHI: Creating new Direct3DDevice
[2020.02.01-15.10.17:897][  0]LogD3D11RHI:     GPU DeviceId: 0x6798 (for the marketing name, search the web for "GPU Device Id")
[2020.02.01-15.10.17:897][  0]LogWindows: EnumDisplayDevices:
[2020.02.01-15.10.17:897][  0]LogWindows:    0. 'AMD FirePro D700 (FireGL V)' (P:1 D:1)
[2020.02.01-15.10.17:898][  0]LogWindows:    1. 'AMD FirePro D700 (FireGL V)' (P:0 D:1)
[2020.02.01-15.10.17:898][  0]LogWindows:    2. 'AMD FirePro D700 (FireGL V)' (P:0 D:0)
[2020.02.01-15.10.17:899][  0]LogWindows:    3. 'AMD FirePro D700 (FireGL V)' (P:0 D:0)
[2020.02.01-15.10.17:899][  0]LogWindows:    4. 'AMD FirePro D700 (FireGL V)' (P:0 D:0)
[2020.02.01-15.10.17:900][  0]LogWindows:    5. 'AMD FirePro D700 (FireGL V)' (P:0 D:0)
[2020.02.01-15.10.17:900][  0]LogWindows:    6. 'AMD FirePro D700 (FireGL V)' (P:0 D:0)
[2020.02.01-15.10.17:901][  0]LogWindows:    7. 'AMD FirePro D700 (FireGL V)' (P:0 D:0)
[2020.02.01-15.10.17:901][  0]LogWindows:    8. 'AMD FirePro D700 (FireGL V)' (P:0 D:0)
[2020.02.01-15.10.17:902][  0]LogWindows:    9. 'AMD FirePro D700 (FireGL V)' (P:0 D:0)
[2020.02.01-15.10.17:902][  0]LogWindows:    10. 'AMD FirePro D700 (FireGL V)' (P:0 D:0)
[2020.02.01-15.10.17:903][  0]LogWindows:    11. 'AMD FirePro D700 (FireGL V)' (P:0 D:0)
[2020.02.01-15.10.17:903][  0]LogWindows: DebugString: FoundDriverCount:12 
[2020.02.01-15.10.17:903][  0]LogD3D11RHI:     Adapter Name: AMD FirePro D700 (FireGL V)
[2020.02.01-15.10.17:903][  0]LogD3D11RHI:   Driver Version: Adrenalin 18.40.20.10 (internal:25.20.14020.10001, unified:25.20.14020.10001)
[2020.02.01-15.10.17:903][  0]LogD3D11RHI:      Driver Date: 3-15-2019
[2020.02.01-15.10.17:903][  0]LogRHI: Texture pool is 4286 MB (70% of 6123 MB)
[2020.02.01-15.10.18:037][  0]LogD3D11RHI: Async texture creation enabled
[2020.02.01-15.10.18:043][  0]LogRendererCore: FGlobalReadBuffer::InitRHI
[2020.02.01-15.10.18:044][  0]LogRendererCore: FGlobalReadBuffer::InitRHI
[2020.02.01-15.10.18:044][  0]LogRendererCore: FGlobalReadBuffer::InitRHI
[2020.02.01-15.10.18:051][  0]LogD3D11RHI: GPU Timing Frequency: 27.000000 (Debug: 2 1)
[2020.02.01-15.10.18:429][  0]LogTemp: Display: Module 'AllDesktopTargetPlatform' loaded TargetPlatform 'AllDesktop'
[2020.02.01-15.10.18:449][  0]LogTemp: Display: Module 'MacClientTargetPlatform' loaded TargetPlatform 'MacClient'
[2020.02.01-15.10.18:467][  0]LogTemp: Display: Module 'MacNoEditorTargetPlatform' loaded TargetPlatform 'MacNoEditor'
[2020.02.01-15.10.18:485][  0]LogTemp: Display: Module 'MacServerTargetPlatform' loaded TargetPlatform 'MacServer'
[2020.02.01-15.10.18:503][  0]LogTemp: Display: Module 'MacTargetPlatform' loaded TargetPlatform 'Mac'
[2020.02.01-15.10.18:521][  0]LogTemp: Display: Module 'WindowsClientTargetPlatform' loaded TargetPlatform 'WindowsClient'
[2020.02.01-15.10.18:538][  0]LogTemp: Display: Module 'WindowsNoEditorTargetPlatform' loaded TargetPlatform 'WindowsNoEditor'
[2020.02.01-15.10.18:556][  0]LogTemp: Display: Module 'WindowsServerTargetPlatform' loaded TargetPlatform 'WindowsServer'
[2020.02.01-15.10.18:564][  0]LogTemp: Display: Module 'WindowsTargetPlatform' loaded TargetPlatform 'Windows'
[2020.02.01-15.10.18:671][  0]LogTemp: Display: Module 'AndroidTargetPlatform' loaded TargetPlatform 'Android'
[2020.02.01-15.10.18:671][  0]LogTemp: Display: Module 'AndroidTargetPlatform' loaded TargetPlatform 'Android_ASTC'
[2020.02.01-15.10.18:671][  0]LogTemp: Display: Module 'AndroidTargetPlatform' loaded TargetPlatform 'Android_ATC'
[2020.02.01-15.10.18:671][  0]LogTemp: Display: Module 'AndroidTargetPlatform' loaded TargetPlatform 'Android_DXT'
[2020.02.01-15.10.18:671][  0]LogTemp: Display: Module 'AndroidTargetPlatform' loaded TargetPlatform 'Android_ETC1'
[2020.02.01-15.10.18:671][  0]LogTemp: Display: Module 'AndroidTargetPlatform' loaded TargetPlatform 'Android_ETC1a'
[2020.02.01-15.10.18:671][  0]LogTemp: Display: Module 'AndroidTargetPlatform' loaded TargetPlatform 'Android_ETC2'
[2020.02.01-15.10.18:671][  0]LogTemp: Display: Module 'AndroidTargetPlatform' loaded TargetPlatform 'Android_PVRTC'
[2020.02.01-15.10.18:671][  0]LogTemp: Display: Module 'AndroidTargetPlatform' loaded TargetPlatform 'AndroidClient'
[2020.02.01-15.10.18:671][  0]LogTemp: Display: Module 'AndroidTargetPlatform' loaded TargetPlatform 'Android_ASTCClient'
[2020.02.01-15.10.18:671][  0]LogTemp: Display: Module 'AndroidTargetPlatform' loaded TargetPlatform 'Android_ATCClient'
[2020.02.01-15.10.18:671][  0]LogTemp: Display: Module 'AndroidTargetPlatform' loaded TargetPlatform 'Android_DXTClient'
[2020.02.01-15.10.18:671][  0]LogTemp: Display: Module 'AndroidTargetPlatform' loaded TargetPlatform 'Android_ETC1Client'
[2020.02.01-15.10.18:671][  0]LogTemp: Display: Module 'AndroidTargetPlatform' loaded TargetPlatform 'Android_ETC1aClient'
[2020.02.01-15.10.18:671][  0]LogTemp: Display: Module 'AndroidTargetPlatform' loaded TargetPlatform 'Android_ETC2Client'
[2020.02.01-15.10.18:671][  0]LogTemp: Display: Module 'AndroidTargetPlatform' loaded TargetPlatform 'Android_PVRTCClient'
[2020.02.01-15.10.18:671][  0]LogTemp: Display: Module 'AndroidTargetPlatform' loaded TargetPlatform 'Android_Multi'
[2020.02.01-15.10.18:671][  0]LogTemp: Display: Module 'AndroidTargetPlatform' loaded TargetPlatform 'Android_MultiClient'
[2020.02.01-15.10.18:673][  0]LogTemp: Display: Module 'HTML5TargetPlatform' loaded TargetPlatform 'HTML5'
[2020.02.01-15.10.18:729][  0]LogTemp: Display: Module 'IOSTargetPlatform' loaded TargetPlatform 'IOSClient'
[2020.02.01-15.10.18:729][  0]LogTemp: Display: Module 'IOSTargetPlatform' loaded TargetPlatform 'IOS'
[2020.02.01-15.10.18:762][  0]LogTemp: Display: Module 'TVOSTargetPlatform' loaded TargetPlatform 'TVOSClient'
[2020.02.01-15.10.18:762][  0]LogTemp: Display: Module 'TVOSTargetPlatform' loaded TargetPlatform 'TVOS'
[2020.02.01-15.10.18:779][  0]LogTemp: Display: Module 'LinuxClientTargetPlatform' loaded TargetPlatform 'LinuxClient'
[2020.02.01-15.10.18:795][  0]LogTemp: Display: Module 'LinuxNoEditorTargetPlatform' loaded TargetPlatform 'LinuxNoEditor'
[2020.02.01-15.10.18:813][  0]LogTemp: Display: Module 'LinuxServerTargetPlatform' loaded TargetPlatform 'LinuxServer'
[2020.02.01-15.10.18:830][  0]LogTemp: Display: Module 'LinuxTargetPlatform' loaded TargetPlatform 'Linux'
[2020.02.01-15.10.18:894][  0]LogTemp: Display: Module 'LuminTargetPlatform' loaded TargetPlatform 'Lumin'
[2020.02.01-15.10.18:894][  0]LogTemp: Display: Module 'LuminTargetPlatform' loaded TargetPlatform 'LuminClient'
[2020.02.01-15.10.18:894][  0]LogTargetPlatformManager: Display: Building Assets For Windows
[2020.02.01-15.10.18:904][  0]LogAudioDebug: Display: Lib vorbis DLL was dynamically loaded.
[2020.02.01-15.10.18:962][  0]LogShaderCompilers: Guid format shader working directory is -33 characters bigger than the processId version (../../../../../../Users/Graphic.SJH519-000W/Documents/GitHub/GGJ20-TheSalamis/SalamisGamejam/Intermediate/Shaders/WorkingDirectory/12876/).
[2020.02.01-15.10.18:962][  0]LogShaderCompilers: Cleaned the shader compiler working directory 'C:/Users/Graphic.SJH519-000W/AppData/Local/Temp/UnrealShaderWorkingDir/B2B3194B4C41307E4C828AA7A7717492/'.
[2020.02.01-15.10.18:964][  0]LogXGEController: Cleaning working directory: C:/Users/Graphic.SJH519-000W/AppData/Local/Temp/UnrealXGEWorkingDir/
[2020.02.01-15.10.18:965][  0]LogXGEController: Cannot use XGE Controller as Incredibuild is not installed on this machine.
[2020.02.01-15.10.18:965][  0]LogShaderCompilers: Cannot use XGE Shader Compiler as Incredibuild is not installed on this machine.
[2020.02.01-15.10.18:965][  0]LogShaderCompilers: Display: Using Local Shader Compiler.
[2020.02.01-15.10.19:684][  0]LogDerivedDataCache: Display: Max Cache Size: 512 MB
[2020.02.01-15.10.19:740][  0]LogDerivedDataCache: Loaded boot cache 0.06s 72MB C:/Users/Graphic.SJH519-000W/AppData/Local/UnrealEngine/4.22/DerivedDataCache/Boot.ddc.
[2020.02.01-15.10.19:740][  0]LogDerivedDataCache: Display: Loaded Boot cache: C:/Users/Graphic.SJH519-000W/AppData/Local/UnrealEngine/4.22/DerivedDataCache/Boot.ddc
[2020.02.01-15.10.19:740][  0]LogDerivedDataCache: FDerivedDataBackendGraph:  Pak pak cache file ../../../../../../Users/Graphic.SJH519-000W/Documents/GitHub/GGJ20-TheSalamis/SalamisGamejam/DerivedDataCache/DDC.ddp not found, will not use a pak cache.
[2020.02.01-15.10.19:740][  0]LogDerivedDataCache: Unable to find inner node Pak for hierarchical cache Hierarchy.
[2020.02.01-15.10.19:740][  0]LogDerivedDataCache: FDerivedDataBackendGraph:  CompressedPak pak cache file ../../../../../../Users/Graphic.SJH519-000W/Documents/GitHub/GGJ20-TheSalamis/SalamisGamejam/DerivedDataCache/Compressed.ddp not found, will not use a pak cache.
[2020.02.01-15.10.19:740][  0]LogDerivedDataCache: Unable to find inner node CompressedPak for hierarchical cache Hierarchy.
[2020.02.01-15.10.19:754][  0]LogDerivedDataCache: Display: Pak cache opened for reading ../../../Engine/DerivedDataCache/Compressed.ddp.
[2020.02.01-15.10.19:758][  0]LogDerivedDataCache: Display: Pak cache opened for reading ../../../Enterprise/DerivedDataCache/Compressed.ddp.
[2020.02.01-15.10.19:770][  0]LogDerivedDataCache: Using Local data cache path C:/Users/Graphic.SJH519-000W/AppData/Local/UnrealEngine/Common/DerivedDataCache: Writable
[2020.02.01-15.10.19:770][  0]LogDerivedDataCache: Shared data cache path not found in *engine.ini, will not use an Shared cache.
[2020.02.01-15.10.19:770][  0]LogDerivedDataCache: Unable to find inner node Shared for hierarchical cache Hierarchy.
[2020.02.01-15.10.19:800][  0]LogMaterial: Verifying Global Shaders for PCD3D_SM5
[2020.02.01-15.10.19:802][  0]LogSlate: Using FreeType 2.6.0
[2020.02.01-15.10.19:802][  0]LogSlate: SlateFontServices - WITH_FREETYPE: 1, WITH_HARFBUZZ: 1
[2020.02.01-15.10.19:902][  0]LogAssetRegistry: FAssetRegistry took 0.0375 seconds to start up
[2020.02.01-15.10.20:336][  0]LogInit: Selected Device Profile: [Windows]
[2020.02.01-15.10.20:518][  0]LogMeshReduction: Using QuadricMeshReduction for automatic static mesh reduction
[2020.02.01-15.10.20:518][  0]LogMeshReduction: Using SimplygonMeshReduction for automatic skeletal mesh reduction
[2020.02.01-15.10.20:518][  0]LogMeshReduction: Using ProxyLODMeshReduction for automatic mesh merging
[2020.02.01-15.10.20:518][  0]LogMeshReduction: No distributed automatic mesh merging module available
[2020.02.01-15.10.20:518][  0]LogMeshMerging: No distributed automatic mesh merging module available
[2020.02.01-15.10.20:530][  0]LogNetVersion: SalamisGamejam 1.0.0, NetCL: 5660361, EngineNetVer: 10, GameNetVer: 0 (Checksum: 1410852220)
[2020.02.01-15.10.21:100][  0]LogPackageLocalizationCache: Processed 16 localized package path(s) for 1 prioritized culture(s) in 0.057196 seconds
[2020.02.01-15.10.21:105][  0]LogUObjectArray: 42205 objects as part of root set at end of initial load.
[2020.02.01-15.10.21:105][  0]LogUObjectAllocator: 7325032 out of 0 bytes used by permanent object pool.
[2020.02.01-15.10.21:105][  0]LogUObjectArray: CloseDisregardForGC: 0/0 objects in disregard for GC pool
[2020.02.01-15.10.22:122][  0]LogTcpMessaging: Initializing TcpMessaging bridge
[2020.02.01-15.10.22:135][  0]LogUdpMessaging: Initializing bridge on interface 0.0.0.0:0 to multicast group 230.0.0.1:6666.
[2020.02.01-15.10.22:243][  0]SourceControl: Source control is disabled
[2020.02.01-15.10.22:243][  0]SourceControl: Source control is disabled
[2020.02.01-15.10.22:245][  0]SourceControl: Source control is disabled
[2020.02.01-15.10.22:246][  0]SourceControl: Source control is disabled
[2020.02.01-15.10.22:366][  0]LogAndroidPermission: UAndroidPermissionCallbackProxy::GetInstance
[2020.02.01-15.10.22:483][  0]LogOcInput: OculusInput pre-init called
[2020.02.01-15.10.25:179][  0]LogWindows: Failed to load 'libalias_api.dll' (GetLastError=126)
[2020.02.01-15.10.25:179][  0]LogWindows: File 'libalias_api.dll' does not exist
[2020.02.01-15.10.25:180][  0]LogWindows: Failed to load 'libalias_api.dll' (GetLastError=126)
[2020.02.01-15.10.25:180][  0]LogWindows: File 'libalias_api.dll' does not exist
[2020.02.01-15.10.25:342][  0]LogEngine: Initializing Engine...
[2020.02.01-15.10.25:343][  0]LogHMD: Failed to initialize OpenVR with code 110
[2020.02.01-15.10.25:344][  0]LogStats: UGameplayTagsManager::InitializeManager -  0.000 s
[2020.02.01-15.10.25:619][  0]LogInit: Initializing FReadOnlyCVARCache
[2020.02.01-15.10.25:633][  0]LogAIModule: Creating AISystem for world Untitled
[2020.02.01-15.10.25:684][  0]LogInit: XAudio2 using '2 - DELL U2717D (AMD High Definition Audio Device)' : 2 channels at 48 kHz using 16 bits per sample (channel mask 0x3)
[2020.02.01-15.10.25:722][  0]LogInit: FAudioDevice initialized.
[2020.02.01-15.10.25:722][  0]LogNetVersion: Set ProjectVersion to 1.0.0.0. Version Checksum will be recalculated on next use.
[2020.02.01-15.10.25:791][  0]LogDerivedDataCache: Saved boot cache 0.07s 72MB C:/Users/Graphic.SJH519-000W/AppData/Local/UnrealEngine/4.22/DerivedDataCache/Boot.ddc.
[2020.02.01-15.10.25:804][  0]LogInit: Texture streaming: Enabled
[2020.02.01-15.10.25:823][  0]LogEngineSessionManager: EngineSessionManager initialized
[2020.02.01-15.10.25:844][  0]LogInit: Transaction tracking system initialized
[2020.02.01-15.10.25:870][  0]BlueprintLog: New page: Editor Load
[2020.02.01-15.10.25:959][  0]LocalizationService: Localization service is disabled
[2020.02.01-15.10.26:292][  0]LogFileCache: Scanning file cache for directory 'C:/Users/Graphic.SJH519-000W/Documents/GitHub/GGJ20-TheSalamis/SalamisGamejam/Content/' took 0.01s
[2020.02.01-15.10.26:292][  0]LogCook: Display: Max memory allowance for cook 16384mb min free memory 0mb
[2020.02.01-15.10.26:292][  0]LogCook: Display: Mobile HDR setting 1
[2020.02.01-15.10.27:984][  0]SourceControl: Source control is disabled
[2020.02.01-15.10.27:984][  0]LightingResults: New page: Lighting Build
[2020.02.01-15.10.27:987][  0]MapCheck: New page: Map Check
[2020.02.01-15.10.27:987][  0]LightingResults: New page: Lighting Build
[2020.02.01-15.10.28:032][  0]LogUObjectHash: Compacting FUObjectHashTables data took   2.29ms
[2020.02.01-15.10.28:268][  0]LogAIModule: Creating AISystem for world 2DSideScrollerExampleMap
[2020.02.01-15.10.28:276][  0]LogEditorServer: Finished looking for orphan Actors (0.000 secs)
[2020.02.01-15.10.28:327][  0]LogUObjectHash: Compacting FUObjectHashTables data took   2.90ms
[2020.02.01-15.10.28:327][  0]Cmd: MAP CHECKDEP NOCLEARLOG
[2020.02.01-15.10.28:328][  0]MapCheck: Map check complete: 0 Error(s), 0 Warning(s), took 0.146ms to complete.
[2020.02.01-15.10.28:328][  0]LogFileHelpers: Loading map '2DSideScrollerExampleMap' took 0.344
[2020.02.01-15.10.28:452][  0]LogSlate: Updating window title bar state: overlay mode, drag disabled, window buttons hidden, title bar hidden
[2020.02.01-15.10.28:461][  0]LogSlate: Updating window title bar state: overlay mode, drag disabled, window buttons hidden, title bar hidden
[2020.02.01-15.10.28:471][  0]LogSlate: Updating window title bar state: overlay mode, drag disabled, window buttons hidden, title bar hidden
[2020.02.01-15.10.28:480][  0]LogSlate: Updating window title bar state: overlay mode, drag disabled, window buttons hidden, title bar hidden
[2020.02.01-15.10.28:487][  0]LogCollectionManager: Loaded 0 collections in 0.002061 seconds
[2020.02.01-15.10.28:503][  0]LogFileCache: Scanning file cache for directory 'C:/Users/Graphic.SJH519-000W/Documents/GitHub/GGJ20-TheSalamis/SalamisGamejam/Saved/Collections/' took 0.01s
[2020.02.01-15.10.28:503][  0]LogFileCache: Scanning file cache for directory 'C:/Users/Graphic.SJH519-000W/Documents/GitHub/GGJ20-TheSalamis/SalamisGamejam/Content/Developers/Graphic/Collections/' took 0.00s
[2020.02.01-15.10.28:503][  0]LogFileCache: Scanning file cache for directory 'C:/Users/Graphic.SJH519-000W/Documents/GitHub/GGJ20-TheSalamis/SalamisGamejam/Content/Collections/' took 0.00s
[2020.02.01-15.10.28:504][  0]LogCollectionManager: Rebuilt the GUID cache for 0 collections in 0.000001 seconds
[2020.02.01-15.10.28:515][  0]LogContentBrowser: Native class hierarchy populated in 0.0113 seconds. Added 2864 classes and 726 folders.
[2020.02.01-15.10.28:524][  0]LogContentBrowser: Native class hierarchy updated for 'WidgetCarousel' in 0.0002 seconds. Added 0 classes and 0 folders.
[2020.02.01-15.10.28:525][  0]LogPakFile: Registered encryption key '00000000000000000000000000000000': 0 pak files mounted, 0 remain pending
[2020.02.01-15.10.28:526][  0]LogPakFile: Registered encryption key '00000000000000000000000000000000': 0 pak files mounted, 0 remain pending
[2020.02.01-15.10.28:527][  0]LogPakFile: Registered encryption key '00000000000000000000000000000000': 0 pak files mounted, 0 remain pending
[2020.02.01-15.10.28:527][  0]LogPakFile: Registered encryption key '00000000000000000000000000000000': 0 pak files mounted, 0 remain pending
[2020.02.01-15.10.28:528][  0]LogPakFile: Registered encryption key '00000000000000000000000000000000': 0 pak files mounted, 0 remain pending
[2020.02.01-15.10.28:528][  0]LogPakFile: Registered encryption key '00000000000000000000000000000000': 0 pak files mounted, 0 remain pending
[2020.02.01-15.10.28:529][  0]LogPakFile: Registered encryption key '00000000000000000000000000000000': 0 pak files mounted, 0 remain pending
[2020.02.01-15.10.28:530][  0]LogPakFile: Registered encryption key '00000000000000000000000000000000': 0 pak files mounted, 0 remain pending
[2020.02.01-15.10.28:530][  0]LogPakFile: Registered encryption key '00000000000000000000000000000000': 0 pak files mounted, 0 remain pending
[2020.02.01-15.10.28:531][  0]LogPakFile: Registered encryption key '00000000000000000000000000000000': 0 pak files mounted, 0 remain pending
[2020.02.01-15.10.28:531][  0]LogPakFile: Registered encryption key '00000000000000000000000000000000': 0 pak files mounted, 0 remain pending
[2020.02.01-15.10.28:532][  0]LogPakFile: Registered encryption key '00000000000000000000000000000000': 0 pak files mounted, 0 remain pending
[2020.02.01-15.10.28:533][  0]LogPakFile: Registered encryption key '00000000000000000000000000000000': 0 pak files mounted, 0 remain pending
[2020.02.01-15.10.28:533][  0]LogPakFile: Registered encryption key '00000000000000000000000000000000': 0 pak files mounted, 0 remain pending
[2020.02.01-15.10.28:534][  0]LogPakFile: Registered encryption key '00000000000000000000000000000000': 0 pak files mounted, 0 remain pending
[2020.02.01-15.10.28:534][  0]LogPakFile: Registered encryption key '00000000000000000000000000000000': 0 pak files mounted, 0 remain pending
[2020.02.01-15.10.28:535][  0]LogPakFile: Registered encryption key '00000000000000000000000000000000': 0 pak files mounted, 0 remain pending
[2020.02.01-15.10.28:535][  0]LogPakFile: Registered encryption key '00000000000000000000000000000000': 0 pak files mounted, 0 remain pending
[2020.02.01-15.10.28:536][  0]LogPakFile: Registered encryption key '00000000000000000000000000000000': 0 pak files mounted, 0 remain pending
[2020.02.01-15.10.28:536][  0]LogPakFile: Registered encryption key '00000000000000000000000000000000': 0 pak files mounted, 0 remain pending
[2020.02.01-15.10.28:537][  0]LogPakFile: Registered encryption key '00000000000000000000000000000000': 0 pak files mounted, 0 remain pending
[2020.02.01-15.10.28:538][  0]LogPakFile: Registered encryption key '00000000000000000000000000000000': 0 pak files mounted, 0 remain pending
[2020.02.01-15.10.28:538][  0]LogPakFile: Registered encryption key '00000000000000000000000000000000': 0 pak files mounted, 0 remain pending
[2020.02.01-15.10.28:539][  0]LogPakFile: Registered encryption key '00000000000000000000000000000000': 0 pak files mounted, 0 remain pending
[2020.02.01-15.10.28:540][  0]LogPakFile: Registered encryption key '00000000000000000000000000000000': 0 pak files mounted, 0 remain pending
[2020.02.01-15.10.28:540][  0]LogPakFile: Registered encryption key '00000000000000000000000000000000': 0 pak files mounted, 0 remain pending
[2020.02.01-15.10.28:541][  0]LogPakFile: Registered encryption key '00000000000000000000000000000000': 0 pak files mounted, 0 remain pending
[2020.02.01-15.10.28:541][  0]LogPakFile: Registered encryption key '00000000000000000000000000000000': 0 pak files mounted, 0 remain pending
[2020.02.01-15.10.28:586][  0]LogContentBrowser: Native class hierarchy updated for 'AddContentDialog' in 0.0003 seconds. Added 0 classes and 0 folders.
[2020.02.01-15.10.28:589][  0]LogContentBrowser: Native class hierarchy updated for 'SceneOutliner' in 0.0002 seconds. Added 1 classes and 0 folders.
[2020.02.01-15.10.28:606][  0]LogSlate: Took 0.000157 seconds to synchronously load lazily loaded font '../../../Engine/Content/Slate/Fonts/Roboto-Regular.ttf' (155K)
[2020.02.01-15.10.28:609][  0]LogSlate: Took 0.000135 seconds to synchronously load lazily loaded font '../../../Engine/Content/Slate/Fonts/Roboto-Bold.ttf' (160K)
[2020.02.01-15.10.28:616][  0]LogSlate: Took 0.000139 seconds to synchronously load lazily loaded font '../../../Engine/Content/Editor/Slate/Fonts/FontAwesome.ttf' (139K)
[2020.02.01-15.10.28:696][  0]LogRenderer: Reallocating scene render targets to support 1616x808 Format 10 NumSamples 1 (Frame:1).
[2020.02.01-15.10.28:848][  0]LogSlate: FSceneViewport::OnFocusLost() reason 2
[2020.02.01-15.10.28:861][  0]LogSlate: Window 'Tutorials' being destroyed
[2020.02.01-15.10.28:892][  0]LogContentBrowser: Native class hierarchy updated for 'HierarchicalLODOutliner' in 0.0003 seconds. Added 0 classes and 0 folders.
[2020.02.01-15.10.28:892][  0]LogLoad: (Engine Initialization) Total time: 15.98 seconds
[2020.02.01-15.10.28:892][  0]LogLoad: (Engine Initialization) Total Blueprint compile time: 0.00 seconds
[2020.02.01-15.10.28:937][  0]LogAssetRegistry: Asset discovery search completed in 9.0573 seconds
[2020.02.01-15.10.28:940][  0]LogCollectionManager: Rebuilt the object cache for 0 collections in 0.000001 seconds (found 0 objects)
[2020.02.01-15.10.28:940][  0]LogCollectionManager: Fixed up redirectors for 0 collections in 0.000057 seconds (updated 0 objects)
[2020.02.01-15.10.28:942][  0]LogContentStreaming: Texture pool size now 1000 MB
[2020.02.01-15.10.31:361][  8]LogSlate: FSceneViewport::OnFocusLost() reason 0
[2020.02.01-15.11.15:858][184]LogSlate: Took 0.000223 seconds to synchronously load lazily loaded font '../../../Engine/Content/Slate/Fonts/Roboto-Light.ttf' (167K)
[2020.02.01-15.11.15:954][184]LogAIModule: Creating AISystem for world level1_PT1
[2020.02.01-15.11.15:989][184]LogAssetEditorManager: Opening Asset editor for World /Game/2DSideScrollerBP/Maps/level1_PT1.level1_PT1
[2020.02.01-15.11.16:045][184]LogUObjectHash: Compacting FUObjectHashTables data took   3.00ms
[2020.02.01-15.11.16:046][184]Cmd: MAP LOAD FILE="../../../../../../Users/Graphic.SJH519-000W/Documents/GitHub/GGJ20-TheSalamis/SalamisGamejam/Content/2DSideScrollerBP/Maps/level1_PT1.umap" TEMPLATE=0 SHOWPROGRESS=1 FEATURELEVEL=3
[2020.02.01-15.11.16:046][184]LightingResults: New page: Lighting Build
[2020.02.01-15.11.16:047][184]LoadErrors: New page: Loading map: level1_PT1.umap
[2020.02.01-15.11.16:048][184]MapCheck: New page: Map Check
[2020.02.01-15.11.16:048][184]LightingResults: New page: Lighting Build
[2020.02.01-15.11.16:094][184]LogUObjectHash: Compacting FUObjectHashTables data took   2.43ms
[2020.02.01-15.11.16:098][184]LogEditorServer: Finished looking for orphan Actors (0.000 secs)
[2020.02.01-15.11.16:144][184]LogUObjectHash: Compacting FUObjectHashTables data took   1.79ms
[2020.02.01-15.11.16:182][184]Cmd: MAP CHECKDEP NOCLEARLOG
[2020.02.01-15.11.16:183][184]MapCheck: Map check complete: 0 Error(s), 0 Warning(s), took 1.49ms to complete.
[2020.02.01-15.11.16:183][184]LogFileHelpers: Loading map 'level1_PT1' took 0.139
[2020.02.01-15.11.18:030][381]LogTemp: Repeating last play command: Selected Viewport
[2020.02.01-15.11.18:050][381]LogBlueprintUserMessages: Early PlayInEditor Detection: Level '/Game/2DSideScrollerBP/Maps/level1_PT1.level1_PT1:PersistentLevel' has LevelScriptBlueprint '/Game/2DSideScrollerBP/Maps/level1_PT1.level1_PT1:PersistentLevel.level1_PT1' with GeneratedClass '/Game/2DSideScrollerBP/Maps/level1_PT1.level1_PT1_C' with ClassGeneratedBy '/Game/2DSideScrollerBP/Maps/level1_PT1.level1_PT1:PersistentLevel.level1_PT1'
[2020.02.01-15.11.18:050][381]LogPlayLevel: PlayLevel: No blueprints needed recompiling
[2020.02.01-15.11.18:050][381]PIE: New page: PIE session: level1_PT1 (Feb 1, 2020, 5:11:18 AM)
[2020.02.01-15.11.18:063][381]LogPlayLevel: Creating play world package: /Game/2DSideScrollerBP/Maps/UEDPIE_0_level1_PT1
[2020.02.01-15.11.18:068][381]LogPlayLevel: PIE: StaticDuplicateObject took: (0.005000s)
[2020.02.01-15.11.18:069][381]LogAIModule: Creating AISystem for world level1_PT1
[2020.02.01-15.11.18:069][381]LogPlayLevel: PIE: World Init took: (0.000672s)
[2020.02.01-15.11.18:069][381]LogPlayLevel: PIE: Created PIE world by copying editor world from /Game/2DSideScrollerBP/Maps/level1_PT1.level1_PT1 to /Game/2DSideScrollerBP/Maps/UEDPIE_0_level1_PT1.level1_PT1 (0.005957s)
[2020.02.01-15.11.18:113][381]LogUObjectHash: Compacting FUObjectHashTables data took   1.62ms
[2020.02.01-15.11.18:162][381]LogInit: XAudio2 using '2 - DELL U2717D (AMD High Definition Audio Device)' : 2 channels at 48 kHz using 16 bits per sample (channel mask 0x3)
[2020.02.01-15.11.18:179][381]LogInit: FAudioDevice initialized.
[2020.02.01-15.11.18:220][381]LogLoad: Game class is '2DSideScrollerGameMode_C'
[2020.02.01-15.11.18:223][381]LogWorld: Bringing World /Game/2DSideScrollerBP/Maps/UEDPIE_0_level1_PT1.level1_PT1 up for play (max tick rate 0) at 2020.02.01-10.11.18
[2020.02.01-15.11.18:224][381]LogWorld: Bringing up level for play took: 0.002131
[2020.02.01-15.11.18:242][381]LogContentBrowser: Native class hierarchy updated for 'MovieSceneCapture' in 0.0004 seconds. Added 20 classes and 0 folders.
[2020.02.01-15.11.18:242][381]PIE: Play in editor start time for /Game/2DSideScrollerBP/Maps/UEDPIE_0_level1_PT1 0.332
[2020.02.01-15.11.18:243][381]LogBlueprintUserMessages: Late PlayInEditor Detection: Level '/Game/2DSideScrollerBP/Maps/level1_PT1.level1_PT1:PersistentLevel' has LevelScriptBlueprint '/Game/2DSideScrollerBP/Maps/level1_PT1.level1_PT1:PersistentLevel.level1_PT1' with GeneratedClass '/Game/2DSideScrollerBP/Maps/level1_PT1.level1_PT1_C' with ClassGeneratedBy '/Game/2DSideScrollerBP/Maps/level1_PT1.level1_PT1:PersistentLevel.level1_PT1'
[2020.02.01-15.11.21:905][818]LogBlueprintUserMessages: Early EndPlayMap Detection: Level '/Game/2DSideScrollerBP/Maps/level1_PT1.level1_PT1:PersistentLevel' has LevelScriptBlueprint '/Game/2DSideScrollerBP/Maps/level1_PT1.level1_PT1:PersistentLevel.level1_PT1' with GeneratedClass '/Game/2DSideScrollerBP/Maps/level1_PT1.level1_PT1_C' with ClassGeneratedBy '/Game/2DSideScrollerBP/Maps/level1_PT1.level1_PT1:PersistentLevel.level1_PT1'
[2020.02.01-15.11.21:905][818]LogSlate: Updating window title bar state: overlay mode, drag disabled, window buttons hidden, title bar hidden
[2020.02.01-15.11.21:934][818]LogPlayLevel: Display: Shutting down PIE online subsystems
[2020.02.01-15.11.21:934][818]LogBlueprintUserMessages: Late EndPlayMap Detection: Level '/Game/2DSideScrollerBP/Maps/level1_PT1.level1_PT1:PersistentLevel' has LevelScriptBlueprint '/Game/2DSideScrollerBP/Maps/level1_PT1.level1_PT1:PersistentLevel.level1_PT1' with GeneratedClass '/Game/2DSideScrollerBP/Maps/level1_PT1.level1_PT1_C' with ClassGeneratedBy '/Game/2DSideScrollerBP/Maps/level1_PT1.level1_PT1:PersistentLevel.level1_PT1'
[2020.02.01-15.11.21:986][818]LogSlate: Updating window title bar state: overlay mode, drag disabled, window buttons hidden, title bar hidden
[2020.02.01-15.11.21:989][818]LogUObjectHash: Compacting FUObjectHashTables data took   1.87ms
[2020.02.01-15.11.22:019][819]LogPlayLevel: Display: Destroying online subsystem :Context_1
