"../../../Engine/Content/Animation/DefaultAnimCurveCompressionSettings.uasset" 0
"../../../Engine/Content/Functions/Engine_MaterialFunctions01/Opacity/CameraDepthFade.uasset" 1
"../../../Engine/Content/EngineMaterials/T_Default_Material_Grid_M.uasset" 2
"../../../Engine/Content/EngineMaterials/T_Default_Material_Grid_N.uasset" 3
"../../../Engine/Content/EngineMaterials/WorldGridMaterial.uasset" 4
"../../../Engine/Content/ArtTools/RenderToTexture/Meshes/S_1_Unit_Plane.uasset" 5
"../../../Engine/Content/EngineMaterials/DefaultMaterial.uasset" 6
"../../../Engine/Content/BasicShapes/Cone.uasset" 7
"../../../Engine/Content/BasicShapes/Cube.uasset" 8
"../../../Engine/Content/BasicShapes/Cylinder.uasset" 9
"../../../Engine/Content/BasicShapes/Plane.uasset" 10
"../../../Engine/Content/BasicShapes/Sphere.uasset" 11
"../../../Engine/Content/EditorLandscapeResources/DataLayer.uasset" 12
"../../../Engine/Content/EditorLandscapeResources/DefaultAlphaTexture.uasset" 13
"../../../Engine/Content/EditorMaterials/GizmoMaterial.uasset" 14
"../../../Engine/Content/EditorMaterials/MAT_Groups_Toggle.uasset" 15
"../../../Engine/Content/EditorMaterials/MAT_Groups_Visibility.uasset" 16
"../../../Engine/Content/EditorMaterials/PreviewShadowIndicator.uasset" 17
"../../../Engine/Content/EditorMaterials/PreviewShadowIndicatorMaterial.uasset" 18
"../../../Engine/Content/EditorMaterials/MatineeGroups/MAT_ColorTrack.uasset" 19
"../../../Engine/Content/EditorMaterials/MatineeGroups/MAT_Groups_Anim.uasset" 20
"../../../Engine/Content/EditorMaterials/MatineeGroups/MAT_Groups_AudioMaster.uasset" 21
"../../../Engine/Content/EditorMaterials/MatineeGroups/MAT_Groups_Director.uasset" 22
"../../../Engine/Content/EditorMaterials/MatineeGroups/MAT_Groups_Event.uasset" 23
"../../../Engine/Content/EditorMaterials/MatineeGroups/MAT_Groups_Fade.uasset" 24
"../../../Engine/Content/EditorMaterials/MatineeGroups/MAT_Groups_Float.uasset" 25
"../../../Engine/Content/EditorMaterials/MatineeGroups/MAT_Groups_Move.uasset" 26
"../../../Engine/Content/EditorMaterials/MatineeGroups/MAT_Groups_Slomo.uasset" 27
"../../../Engine/Content/EditorMaterials/MatineeGroups/MAT_Groups_Sound.uasset" 28
"../../../Engine/Content/EditorMaterials/MatineeGroups/MAT_Groups_Vector.uasset" 29
"../../../Engine/Content/EditorMaterials/ParticleSystems/PSysThumbnail_NoImage.uasset" 30
"../../../Engine/Content/EditorMaterials/ParticleSystems/PSysThumbnail_OOD.uasset" 31
"../../../Engine/Content/EditorMaterials/Camera/CineMat.uasset" 32
"../../../Engine/Content/EditorMaterials/Camera/MI_CineMat_Rig.uasset" 33
"../../../Engine/Content/EditorMeshes/Camera/SM_CraneRig_Arm.uasset" 34
"../../../Engine/Content/EditorMeshes/Camera/SM_CraneRig_Base.uasset" 35
"../../../Engine/Content/EditorMeshes/Camera/SM_CraneRig_Body.uasset" 36
"../../../Engine/Content/EditorMeshes/Camera/SM_CraneRig_Mount.uasset" 37
"../../../Engine/Content/EditorMeshes/Camera/SM_RailRig_Mount.uasset" 38
"../../../Engine/Content/EditorMeshes/Camera/SM_RailRig_Track.uasset" 39
"../../../Engine/Content/EditorResources/BSPVertex.uasset" 40
"../../../Engine/Content/EditorResources/EmptyActor.uasset" 41
"../../../Engine/Content/EditorResources/S_Actor.uasset" 42
"../../../Engine/Content/EditorResources/S_Note.uasset" 43
"../../../Engine/Content/EditorResources/S_Terrain.uasset" 44
"../../../Engine/Content/EditorResources/S_Trigger.uasset" 45
"../../../Engine/Content/EditorResources/SequenceRecorder/Countdown.uasset" 46
"../../../Engine/Content/EditorResources/SequenceRecorder/RecordingIndicator.uasset" 47
"../../../Engine/Content/EditorSounds/Notifications/CompileFailed.uasset" 48
"../../../Engine/Content/EditorSounds/Notifications/CompileFailed_Cue.uasset" 49
"../../../Engine/Content/EditorSounds/Notifications/CompileSuccess.uasset" 50
"../../../Engine/Content/EditorSounds/Notifications/CompileStart_Cue.uasset" 51
"../../../Engine/Content/EditorSounds/Notifications/CompileSuccess_Cue.uasset" 52
"../../../Engine/Content/EngineDamageTypes/DmgTypeBP_Environmental.uasset" 53
"../../../Engine/Content/EngineDebugMaterials/HeatmapGradient.uasset" 54
"../../../Engine/Content/EngineDebugMaterials/BoneWeightMaterial.uasset" 55
"../../../Engine/Content/EngineDebugMaterials/ClothMaterial.uasset" 56
"../../../Engine/Content/EngineDebugMaterials/ClothMaterial_WF.uasset" 57
"../../../Engine/Content/EngineDebugMaterials/DebugEditorMaterial.uasset" 58
"../../../Engine/Content/EngineDebugMaterials/DebugMeshMaterial.uasset" 59
"../../../Engine/Content/EngineDebugMaterials/GeomMaterial.uasset" 60
"../../../Engine/Content/EngineDebugMaterials/M_SimpleTranslucent.uasset" 61
"../../../Engine/Content/EngineFonts/Faces/RobotoBold.uasset" 62
"../../../Engine/Content/EngineFonts/Faces/RobotoBoldItalic.uasset" 63
"../../../Engine/Content/EngineFonts/Faces/RobotoItalic.uasset" 64
"../../../Engine/Content/EngineFonts/Faces/RobotoLight.uasset" 65
"../../../Engine/Content/EngineFonts/Faces/RobotoRegular.uasset" 66
"../../../Engine/Content/EngineFonts/Roboto.uasset" 67
"../../../Engine/Content/EngineFonts/Faces/RobotoTiny.uasset" 68
"../../../Engine/Content/EngineFonts/RobotoTiny.uasset" 69
"../../../Engine/Content/EngineMaterials/BaseFlattenDiffuseMap.uasset" 70
"../../../Engine/Content/EngineMaterials/BaseFlattenEmissiveMap.uasset" 71
"../../../Engine/Content/EngineMaterials/BaseFlattenGrayscaleMap.uasset" 72
"../../../Engine/Content/EngineMaterials/BaseFlattenNormalMap.uasset" 73
"../../../Engine/Content/EngineMaterials/BaseFlattenMaterial.uasset" 74
"../../../Engine/Content/EngineMaterials/DefaultBloomKernel.uasset" 75
"../../../Engine/Content/EngineMaterials/DefaultBokeh.uasset" 76
"../../../Engine/Content/EngineMaterials/DefaultDiffuse.uasset" 77
"../../../Engine/Content/EngineMaterials/DefaultDeferredDecalMaterial.uasset" 78
"../../../Engine/Content/EngineMaterials/DefaultLightFunctionMaterial.uasset" 79
"../../../Engine/Content/EngineMaterials/DefaultPhysicalMaterial.uasset" 80
"../../../Engine/Content/Functions/Engine_MaterialFunctions02/Utility/BreakOutFloat2Components.uasset" 81
"../../../Engine/Content/EngineMaterials/DefaultPostProcessMaterial.uasset" 82
"../../../Engine/Content/EngineFonts/RobotoDistanceField.uasset" 83
"../../../Engine/Content/EngineMaterials/DefaultTextMaterialOpaque.uasset" 84
"../../../Engine/Content/EngineMaterials/DefaultWhiteGrid.uasset" 85
"../../../Engine/Content/EngineMaterials/EditorBrushMaterial.uasset" 86
"../../../Engine/Content/EngineMaterials/Good64x64TilingNoiseHighFreq.uasset" 87
"../../../Engine/Content/EngineMaterials/MiniFont.uasset" 88
"../../../Engine/Content/EngineMaterials/InvalidLightmapSettings.uasset" 89
"../../../Engine/Content/EngineMaterials/M_InvalidLightmapSettings.uasset" 90
"../../../Engine/Content/Functions/Engine_MaterialFunctions02/WorldPositionOffset/CameraOffset.uasset" 91
"../../../Engine/Content/EngineMaterials/PhAT_JointLimitMaterial.uasset" 92
"../../../Engine/Content/EngineMaterials/PreintegratedSkinBRDF.uasset" 93
"../../../Engine/Content/EngineMaterials/RemoveSurfaceMaterial.uasset" 94
"../../../Engine/Content/EngineMaterials/WeightMapPlaceholderTexture.uasset" 95
"../../../Engine/Content/EngineResources/WhiteSquareTexture.uasset" 96
"../../../Engine/Content/EngineMaterials/Widget3DPassThrough.uasset" 97
"../../../Engine/Content/EngineMaterials/Widget3DPassThrough_Masked.uasset" 98
"../../../Engine/Content/EngineMaterials/Widget3DPassThrough_Opaque.uasset" 99
"../../../Engine/Content/EngineMaterials/Widget3DPassThrough_Masked_OneSided.uasset" 100
"../../../Engine/Content/EngineMaterials/Widget3DPassThrough_Opaque_OneSided.uasset" 101
"../../../Engine/Content/EngineMaterials/Widget3DPassThrough_Translucent.uasset" 102
"../../../Engine/Content/EngineMaterials/Widget3DPassThrough_Translucent_OneSided.uasset" 103
"../../../Engine/Content/EngineMeshes/Cylinder.uasset" 104
"../../../Engine/Content/EngineMeshes/Sphere.uasset" 105
"../../../Engine/Content/EngineResources/Black.uasset" 106
"../../../Engine/Content/EngineResources/DefaultTexture.uasset" 107
"../../../Engine/Content/EngineResources/DefaultTextureCube.uasset" 108
"../../../Engine/Content/EngineResources/DefaultVolumeTexture2D.uasset" 109
"../../../Engine/Content/EngineResources/DefaultVolumeTexture.uasset" 110
"../../../Engine/Content/EngineResources/GradientTexture0.uasset" 111
"../../../Engine/Content/EngineSounds/Master.uasset" 112
"../../../Engine/Content/Functions/Engine_MaterialFunctions01/Shading/ConvertFromDiffSpec.uasset" 113
"../../../Engine/Content/Functions/Engine_MaterialFunctions01/Shading/PowerToRoughness.uasset" 114
"../../../Engine/Content/Maps/Templates/Thumbnails/Default.uasset" 115
"../../../Engine/Content/Maps/Templates/Thumbnails/VR-Basic.uasset" 116
"../../../Engine/Content/MobileResources/T_MobileControls_texture.uasset" 117
"../../../Engine/Content/MobileResources/T_MobileMenu2.uasset" 118
"../../../Engine/Content/MobileResources/HUD/AnalogHat.uasset" 119
"../../../Engine/Content/MobileResources/HUD/VirtualJoystick_Background.uasset" 120
"../../../Engine/Content/MobileResources/HUD/VirtualJoystick_Thumb.uasset" 121
"../../../Engine/Content/MobileResources/HUD/DefaultVirtualJoysticks.uasset" 122
"../../../Engine/Content/MobileResources/HUD/LeftVirtualJoystickOnly.uasset" 123
"../../../Engine/Content/MobileResources/HUD/MobileHUDButton1_off.uasset" 124
"../../../Engine/Content/MobileResources/HUD/MobileHUDButton1_on.uasset" 125
"../../../Engine/Content/MobileResources/HUD/MobileHUDButton2_off.uasset" 126
"../../../Engine/Content/MobileResources/HUD/MobileHUDButton2_on.uasset" 127
"../../../Engine/Content/MobileResources/HUD/MobileHUDButton3.uasset" 128
"../../../Engine/Content/MobileResources/HUD/MobileHUDButtonFire.uasset" 129
"../../../Engine/Content/MobileResources/HUD/MobileHUDDirectionPad.uasset" 130
"../../../Engine/Content/MobileResources/HUD/MobileHUDDirectionPad2.uasset" 131
"../../../Engine/Content/MobileResources/HUD/MobileHUDDirectionPad3.uasset" 132
"../../../Engine/Content/MobileResources/HUD/MobileHUDDirectionStick.uasset" 133
"../../../Engine/Content/MobileResources/HUD/T_Castle_ThumbstickInner.uasset" 134
"../../../Engine/Content/MobileResources/HUD/T_Castle_ThumbstickOutter.uasset" 135
"../../../Engine/Content/Tutorial/ContentIntroCurve.uasset" 136
"../../../Engine/Content/Tutorial/Basics/LevelEditorAttract.uasset" 137
"../../../Engine/Content/VREditor/LaserPointer/VR_LaserPower_01.uasset" 138
"../../../Engine/Content/VREditor/TransformGizmo/TransformGizmoMaterial.uasset" 139
"../../../Engine/Content/VREditor/TransformGizmo/TranslucentTransformGizmoMaterial.uasset" 140
"../../../Engine/Content/VREditor/TransformGizmo/BoundingBoxCorner.uasset" 141
"../../../Engine/Content/VREditor/TransformGizmo/BoundingBoxEdge.uasset" 142
"../../../Engine/Content/VREditor/TransformGizmo/PlaneTranslationHandle.uasset" 143
"../../../Engine/Content/VREditor/TransformGizmo/Main.uasset" 144
"../../../Engine/Content/VREditor/TransformGizmo/Xray.uasset" 145
"../../../Engine/Content/VREditor/TransformGizmo/SM_Sequencer_Key.uasset" 146
"../../../Engine/Content/VREditor/TransformGizmo/SM_Sequencer_Node.uasset" 147
"../../Plugins/2D/Paper2D/Content/PlaceholderTextures/DummySpriteTexture.uasset" 148
"../../Plugins/2D/Paper2D/Content/DummySprite.uasset" 149
"../../Plugins/2D/Paper2D/Content/DefaultPaperTerrainMaterial.uasset" 150
"../../Plugins/2D/Paper2D/Content/DummySpriteTexture.uasset" 151
"../../Plugins/2D/Paper2D/Content/DefaultSpriteMaterial.uasset" 152
"../../Plugins/2D/Paper2D/Content/MaskedUnlitSpriteMaterial.uasset" 153
"../../Plugins/2D/Paper2D/Content/OpaqueUnlitSpriteMaterial.uasset" 154
"../../../Engine/Content/Functions/Engine_MaterialFunctions01/Texturing/FlattenNormal.uasset" 155
"../../../Engine/Content/EngineMaterials/FlatNormal.uasset" 156
"../../Plugins/Enterprise/DatasmithContent/Content/Materials/CE_BaseMaster.uasset" 157
"../../Plugins/Enterprise/DatasmithContent/Content/Materials/CE_OpacityMaster.uasset" 158
"../../Plugins/Enterprise/DatasmithContent/Content/Materials/CE_OpacitySimpleMaster.uasset" 159
"../../Plugins/Enterprise/DatasmithContent/Content/Materials/CE_OpaqueMaster.uasset" 160
"../../../Engine/Content/Functions/Engine_MaterialFunctions01/Texturing/ComputeMipLevel.uasset" 161
"../../../Engine/Content/Functions/Engine_MaterialFunctions01/Texturing/TextureCropping.uasset" 162
"../../../Engine/Content/Functions/Engine_MaterialFunctions02/Utility/BreakOutFloat3Components.uasset" 163
"../../../Engine/Content/Functions/Engine_MaterialFunctions02/ExampleContent/DebugNumberStrip.uasset" 164
"../../../Engine/Content/Functions/Engine_MaterialFunctions02/ExampleContent/Textures/DebugNumberPeriod.uasset" 165
"../../../Engine/Content/Functions/Engine_MaterialFunctions02/Utility/DebugScalarValues.uasset" 166
"../../../Engine/Content/Functions/Engine_MaterialFunctions02/Utility/DebugFloat3Values.uasset" 167
"../../../Engine/Content/Functions/Engine_MaterialFunctions02/Utility/MakeFloat3.uasset" 168
"../../../Engine/Content/Functions/Engine_MaterialFunctions02/Math/RGBtoHSV.uasset" 169
"../../Plugins/Enterprise/DatasmithContent/Content/Materials/Datasmith_Color.uasset" 170
"../../../Engine/Content/Functions/Engine_MaterialFunctions02/ExampleContent/Textures/flipbook.uasset" 171
"../../Plugins/Enterprise/DatasmithContent/Content/Materials/ExtractColor.uasset" 172
"../../Plugins/Enterprise/DatasmithContent/Content/Materials/TileMirrorAxis.uasset" 173
"../../../Engine/Content/Functions/Engine_MaterialFunctions02/Texturing/CustomRotator.uasset" 174
"../../Plugins/Enterprise/DatasmithContent/Content/Materials/UVEdit.uasset" 175
"../../Plugins/Enterprise/DatasmithContent/Content/Materials/Datasmith_Material.uasset" 176
"../../../Engine/Content/Functions/Engine_MaterialFunctions03/Procedurals/NormalFromHeightmap.uasset" 177
"../../../Engine/Content/ArtTools/RenderToTexture/Textures/127grey.uasset" 178
"../../Plugins/Enterprise/DatasmithContent/Content/Materials/RevitMaster.uasset" 179
"../../Plugins/Enterprise/DatasmithContent/Content/Materials/SketchUpMaster.uasset" 180
"../../Plugins/Enterprise/DatasmithContent/Content/Materials/FBXImporter/DeltaGenUVEdit.uasset" 181
"../../Plugins/Enterprise/DatasmithContent/Content/Materials/FBXImporter/DeltaGenBase.uasset" 182
"../../../Engine/Content/EngineMaterials/T_Default_Normal.uasset" 183
"../../Plugins/Enterprise/DatasmithContent/Content/Materials/FBXImporter/DeltaGenMaster.uasset" 184
"../../Plugins/Enterprise/DatasmithContent/Content/Materials/FBXImporter/DeltaGenMasterTransparent.uasset" 185
"../../Plugins/Enterprise/DatasmithContent/Content/Materials/FBXImporter/VRED/VREDRepeatMode.uasset" 186
"../../../Engine/Content/Functions/Engine_MaterialFunctions02/WorldPositionOffset/LocalPosition.uasset" 187
"../../Plugins/Enterprise/DatasmithContent/Content/Materials/FBXImporter/VRED/PlanarMapping.uasset" 188
"../../Plugins/Enterprise/DatasmithContent/Content/Materials/FBXImporter/VRED/ProcessNormal.uasset" 189
"../../../Engine/Content/Functions/Engine_MaterialFunctions02/Utility/MakeFloat2.uasset" 190
"../../../Engine/Content/Functions/Engine_MaterialFunctions02/Utility/VectorLength.uasset" 191
"../../../Engine/Content/Functions/Engine_MaterialFunctions02/WorldPositionOffset/ObjectScale.uasset" 192
"../../Plugins/Enterprise/DatasmithContent/Content/Materials/FBXImporter/VRED/TriplanarMapping.uasset" 193
"../../Plugins/Enterprise/DatasmithContent/Content/Materials/FBXImporter/VRED/UVMapping.uasset" 194
"../../Plugins/Enterprise/DatasmithContent/Content/Materials/FBXImporter/VRED/VREDTextureRead.uasset" 195
"../../../Engine/Content/Functions/Engine_MaterialFunctions01/Texturing/BakedDisplacement.uasset" 196
"../../../Engine/Content/Functions/Engine_MaterialFunctions02/Fresnel_Function.uasset" 197
"../../Plugins/Enterprise/DatasmithContent/Content/Materials/FBXImporter/VRED/Glass.uasset" 198
"../../Plugins/Enterprise/DatasmithContent/Content/Materials/FBXImporter/VRED/Phong.uasset" 199
"../../Plugins/Enterprise/DatasmithContent/Content/Materials/FBXImporter/VRED/Plastic.uasset" 200
"../../Plugins/Runtime/Oculus/OculusVR/Content/OculusMR_RenderTarget.uasset" 201
"../../../Engine/Content/Functions/Engine_MaterialFunctions02/Utility/BreakOutFloat4Components.uasset" 202
"../../Plugins/Runtime/Oculus/OculusVR/Content/Materials/OculusMR_ChromaKey.uasset" 203
"../../Plugins/Runtime/Oculus/OculusVR/Content/Materials/OculusMR_ChromaKey_Lit.uasset" 204
"../../Plugins/Runtime/Oculus/OculusVR/Content/Materials/OculusMR_OpaqueColoredMaterial.uasset" 205
"../../Plugins/Runtime/Oculus/OculusVR/Content/Materials/OculusMR_WhiteMaterial.uasset" 206
"../../Plugins/Runtime/Oculus/OculusVR/Content/Materials/PokeAHoleMaterial.uasset" 207
"../../Plugins/Runtime/Oculus/OculusVR/Content/Textures/GearVRController_AO.uasset" 208
"../../Plugins/Runtime/Oculus/OculusVR/Content/Textures/GearVRController_Color.uasset" 209
"../../Plugins/Runtime/Oculus/OculusVR/Content/Textures/GearVRController_Normal.uasset" 210
"../../Plugins/Runtime/Oculus/OculusVR/Content/Materials/GearVRControllerMaterial.uasset" 211
"../../Plugins/Runtime/Oculus/OculusVR/Content/Meshes/GearVrController.uasset" 212
"../../Plugins/Runtime/Oculus/OculusVR/Content/Textures/touchController_albedo.uasset" 213
"../../Plugins/Runtime/Oculus/OculusVR/Content/Textures/touchController_controlmap.uasset" 214
"../../Plugins/Runtime/Oculus/OculusVR/Content/Materials/touchController_mat.uasset" 215
"../../Plugins/Runtime/Oculus/OculusVR/Content/Meshes/LeftTouchController.uasset" 216
"../../Plugins/Runtime/Oculus/OculusVR/Content/Meshes/RiftHMD.uasset" 217
"../../Plugins/Runtime/Oculus/OculusVR/Content/Meshes/RightTouchController.uasset" 218
"../../../../../../Users/Graphic.SJH519-000W/Documents/GitHub/GGJ20-TheSalamis/SalamisGamejam/Content/2DSideScrollerBP/Blueprints/PlayStats.uasset" 219
"../../../Engine/Content/EditorBlueprintResources/StandardMacros.uasset" 220
"../../../../../../Users/Graphic.SJH519-000W/Documents/GitHub/GGJ20-TheSalamis/SalamisGamejam/Content/2DSideScrollerBP/Blueprints/RobotValue_Component.uasset" 221
"../../../../../../Users/Graphic.SJH519-000W/Documents/GitHub/GGJ20-TheSalamis/SalamisGamejam/Content/2DSideScrollerBP/Sprites/Broken_Roboi/idle_fixed1.uasset" 222
"../../../../../../Users/Graphic.SJH519-000W/Documents/GitHub/GGJ20-TheSalamis/SalamisGamejam/Content/2DSideScrollerBP/Sprites/Broken_Roboi/Idle_Fixed1_Ig.uasset" 223
"../../../../../../Users/Graphic.SJH519-000W/Documents/GitHub/GGJ20-TheSalamis/SalamisGamejam/Content/2DSideScrollerBP/Sprites/Broken_Roboi/idle_fixed2.uasset" 224
"../../../../../../Users/Graphic.SJH519-000W/Documents/GitHub/GGJ20-TheSalamis/SalamisGamejam/Content/2DSideScrollerBP/Sprites/Broken_Roboi/Idle_Fixed2_Ig.uasset" 225
"../../../../../../Users/Graphic.SJH519-000W/Documents/GitHub/GGJ20-TheSalamis/SalamisGamejam/Content/2DSideScrollerBP/Animations/Boken_Idle.uasset" 226
"../../../../../../Users/Graphic.SJH519-000W/Documents/GitHub/GGJ20-TheSalamis/SalamisGamejam/Content/2DSideScrollerBP/Sprites/Broken_Roboi/Idle1.uasset" 227
"../../../../../../Users/Graphic.SJH519-000W/Documents/GitHub/GGJ20-TheSalamis/SalamisGamejam/Content/2DSideScrollerBP/Sprites/Broken_Roboi/Idle1_Ig.uasset" 228
"../../../../../../Users/Graphic.SJH519-000W/Documents/GitHub/GGJ20-TheSalamis/SalamisGamejam/Content/2DSideScrollerBP/Sprites/Broken_Roboi/Idle2.uasset" 229
"../../../../../../Users/Graphic.SJH519-000W/Documents/GitHub/GGJ20-TheSalamis/SalamisGamejam/Content/2DSideScrollerBP/Sprites/Broken_Roboi/Idle2_Ig.uasset" 230
"../../../../../../Users/Graphic.SJH519-000W/Documents/GitHub/GGJ20-TheSalamis/SalamisGamejam/Content/2DSideScrollerBP/Animations/Boken_Idle_Fixed.uasset" 231
"../../../../../../Users/Graphic.SJH519-000W/Documents/GitHub/GGJ20-TheSalamis/SalamisGamejam/Content/2DSideScrollerBP/Blueprints/eRobotState.uasset" 232
"../../../../../../Users/Graphic.SJH519-000W/Documents/GitHub/GGJ20-TheSalamis/SalamisGamejam/Content/2DSideScrollerBP/Blueprints/BP_Robot.uasset" 233
"../../../../../../Users/Graphic.SJH519-000W/Documents/GitHub/GGJ20-TheSalamis/SalamisGamejam/Content/2DSideScrollerBP/Blueprints/MyGameInstance.uasset" 234
"../../../../../../Users/Graphic.SJH519-000W/Documents/GitHub/GGJ20-TheSalamis/SalamisGamejam/Content/2DSideScrollerBP/Blueprints/2DSideScrollerGameMode.uasset" 235
"../../../../../../Users/Graphic.SJH519-000W/Documents/GitHub/GGJ20-TheSalamis/SalamisGamejam/Content/2dSideScroller/Textures/2DBackgroundTile.uasset" 236
"../../../../../../Users/Graphic.SJH519-000W/Documents/GitHub/GGJ20-TheSalamis/SalamisGamejam/Content/2DSideScroller/Materials/PrototypingSpriteMaterial.uasset" 237
"../../../../../../Users/Graphic.SJH519-000W/Documents/GitHub/GGJ20-TheSalamis/SalamisGamejam/Content/2DSideScroller/Sprites/PrototypingSprite.uasset" 238
"../../../../../../Users/Graphic.SJH519-000W/Documents/GitHub/GGJ20-TheSalamis/SalamisGamejam/Content/2DSideScrollerBP/Blueprints/Hazard.uasset" 239
"../../../../../../Users/Graphic.SJH519-000W/Documents/GitHub/GGJ20-TheSalamis/SalamisGamejam/Content/2DSideScrollerBP/Material/NewPhysicalMaterial.uasset" 240
"../../Plugins/2D/Paper2D/Content/TranslucentUnlitSpriteMaterial.uasset" 241
"../../../../../../Users/Graphic.SJH519-000W/Documents/GitHub/GGJ20-TheSalamis/SalamisGamejam/Content/level1/Images/BG_0000s_0001_battery.uasset" 242
"../../../../../../Users/Graphic.SJH519-000W/Documents/GitHub/GGJ20-TheSalamis/SalamisGamejam/Content/level1/Images/BG_0000s_0001_battery_Sprite.uasset" 243
"../../../../../../Users/Graphic.SJH519-000W/Documents/GitHub/GGJ20-TheSalamis/SalamisGamejam/Content/2DSideScrollerBP/Blueprints/Key.uasset" 244
"../../../../../../Users/Graphic.SJH519-000W/Documents/GitHub/GGJ20-TheSalamis/SalamisGamejam/Content/2DSideScrollerBP/Fonts/destructobeambb_reg.uasset" 245
"../../../../../../Users/Graphic.SJH519-000W/Documents/GitHub/GGJ20-TheSalamis/SalamisGamejam/Content/2DSideScrollerBP/Fonts/destructobeambb_reg_Font.uasset" 246
"../../../../../../Users/Graphic.SJH519-000W/Documents/GitHub/GGJ20-TheSalamis/SalamisGamejam/Content/2DSideScrollerBP/Blueprints/EnergyPopUp.uasset" 247
"../../../../../../Users/Graphic.SJH519-000W/Documents/GitHub/GGJ20-TheSalamis/SalamisGamejam/Content/2DSideScrollerBP/Sprites/Idle1.uasset" 248
"../../../../../../Users/Graphic.SJH519-000W/Documents/GitHub/GGJ20-TheSalamis/SalamisGamejam/Content/2DSideScrollerBP/Sprites/idle_Ig/idle1.uasset" 249
"../../../../../../Users/Graphic.SJH519-000W/Documents/GitHub/GGJ20-TheSalamis/SalamisGamejam/Content/2DSideScrollerBP/Sprites/Idle2.uasset" 250
"../../../../../../Users/Graphic.SJH519-000W/Documents/GitHub/GGJ20-TheSalamis/SalamisGamejam/Content/2DSideScrollerBP/Sprites/idle_Ig/Idle2.uasset" 251
"../../../../../../Users/Graphic.SJH519-000W/Documents/GitHub/GGJ20-TheSalamis/SalamisGamejam/Content/2DSideScrollerBP/Animations/Idle.uasset" 252
"../../../../../../Users/Graphic.SJH519-000W/Documents/GitHub/GGJ20-TheSalamis/SalamisGamejam/Content/2DSideScrollerBP/Sprites/Jump.uasset" 253
"../../../../../../Users/Graphic.SJH519-000W/Documents/GitHub/GGJ20-TheSalamis/SalamisGamejam/Content/2DSideScrollerBP/Sprites/jump_Ig/Jump.uasset" 254
"../../../../../../Users/Graphic.SJH519-000W/Documents/GitHub/GGJ20-TheSalamis/SalamisGamejam/Content/2DSideScrollerBP/Animations/Jump.uasset" 255
"../../../../../../Users/Graphic.SJH519-000W/Documents/GitHub/GGJ20-TheSalamis/SalamisGamejam/Content/2DSideScrollerBP/Sprites/Walk1.uasset" 256
"../../../../../../Users/Graphic.SJH519-000W/Documents/GitHub/GGJ20-TheSalamis/SalamisGamejam/Content/2DSideScrollerBP/Sprites/Walk_Ig/Walk1.uasset" 257
"../../../../../../Users/Graphic.SJH519-000W/Documents/GitHub/GGJ20-TheSalamis/SalamisGamejam/Content/2DSideScrollerBP/Sprites/Walk2.uasset" 258
"../../../../../../Users/Graphic.SJH519-000W/Documents/GitHub/GGJ20-TheSalamis/SalamisGamejam/Content/2DSideScrollerBP/Sprites/Walk_Ig/Walk2.uasset" 259
"../../../../../../Users/Graphic.SJH519-000W/Documents/GitHub/GGJ20-TheSalamis/SalamisGamejam/Content/2DSideScrollerBP/Animations/Walk.uasset" 260
"../../../../../../Users/Graphic.SJH519-000W/Documents/GitHub/GGJ20-TheSalamis/SalamisGamejam/Content/2DSideScrollerBP/Fonts/destructobeambb_bold.uasset" 261
"../../../../../../Users/Graphic.SJH519-000W/Documents/GitHub/GGJ20-TheSalamis/SalamisGamejam/Content/2DSideScrollerBP/Fonts/destructobeambb_bold_Font.uasset" 262
"../../../../../../Users/Graphic.SJH519-000W/Documents/GitHub/GGJ20-TheSalamis/SalamisGamejam/Content/2DSideScrollerBP/Sprites/UI/health_bar.uasset" 263
"../../../../../../Users/Graphic.SJH519-000W/Documents/GitHub/GGJ20-TheSalamis/SalamisGamejam/Content/2DSideScrollerBP/Blueprints/Energy.uasset" 264
"../../../../../../Users/Graphic.SJH519-000W/Documents/GitHub/GGJ20-TheSalamis/SalamisGamejam/Content/2DSideScrollerBP/Blueprints/PlayerState.uasset" 265
"../../../../../../Users/Graphic.SJH519-000W/Documents/GitHub/GGJ20-TheSalamis/SalamisGamejam/Content/2DSideScrollerBP/Blueprints/2D_Roboi.uasset" 266
"../../../Engine/Content/MapTemplates/Bokeh_5Sides.uasset" 267
"../../../Engine/Content/MapTemplates/T_ScreenDirt02_w.uasset" 268
"../../../../../../Users/Graphic.SJH519-000W/Documents/GitHub/GGJ20-TheSalamis/SalamisGamejam/Content/2DSideScrollerBP/Sprites/UI/Controls_push.uasset" 269
"../../../../../../Users/Graphic.SJH519-000W/Documents/GitHub/GGJ20-TheSalamis/SalamisGamejam/Content/level1/GrabTutorial.uasset" 270
"../../../../../../Users/Graphic.SJH519-000W/Documents/GitHub/GGJ20-TheSalamis/SalamisGamejam/Content/level1/Images/BG1.uasset" 271
"../../../../../../Users/Graphic.SJH519-000W/Documents/GitHub/GGJ20-TheSalamis/SalamisGamejam/Content/level1/Images/BG1_Sprite.uasset" 272
"../../../../../../Users/Graphic.SJH519-000W/Documents/GitHub/GGJ20-TheSalamis/SalamisGamejam/Content/level1/Images/BG2.uasset" 273
"../../../../../../Users/Graphic.SJH519-000W/Documents/GitHub/GGJ20-TheSalamis/SalamisGamejam/Content/level1/Images/BG2_Sprite.uasset" 274
"../../../../../../Users/Graphic.SJH519-000W/Documents/GitHub/GGJ20-TheSalamis/SalamisGamejam/Content/level1/Images/BG3.uasset" 275
"../../../../../../Users/Graphic.SJH519-000W/Documents/GitHub/GGJ20-TheSalamis/SalamisGamejam/Content/level1/Images/BG3_Sprite.uasset" 276
"../../../../../../Users/Graphic.SJH519-000W/Documents/GitHub/GGJ20-TheSalamis/SalamisGamejam/Content/level1/Images/BG_0000s_0000s_0000_floor-R.uasset" 277
"../../../../../../Users/Graphic.SJH519-000W/Documents/GitHub/GGJ20-TheSalamis/SalamisGamejam/Content/level1/Images/BG_0000s_0000s_0000_floor-R_Sprite.uasset" 278
"../../../../../../Users/Graphic.SJH519-000W/Documents/GitHub/GGJ20-TheSalamis/SalamisGamejam/Content/level1/Images/BG_0000s_0000s_0001_floor-L.uasset" 279
"../../../../../../Users/Graphic.SJH519-000W/Documents/GitHub/GGJ20-TheSalamis/SalamisGamejam/Content/level1/Images/BG_0000s_0000s_0001_floor-L_Sprite.uasset" 280
"../../../../../../Users/Graphic.SJH519-000W/Documents/GitHub/GGJ20-TheSalamis/SalamisGamejam/Content/level1/Images/BG_0000s_0000s_0002_floor-MID.uasset" 281
"../../../../../../Users/Graphic.SJH519-000W/Documents/GitHub/GGJ20-TheSalamis/SalamisGamejam/Content/level1/Images/BG_0000s_0000s_0002_floor-MID_Sprite.uasset" 282
"../../../../../../Users/Graphic.SJH519-000W/Documents/GitHub/GGJ20-TheSalamis/SalamisGamejam/Content/level1/Images/FG1.uasset" 283
"../../../../../../Users/Graphic.SJH519-000W/Documents/GitHub/GGJ20-TheSalamis/SalamisGamejam/Content/level1/Images/FG1_Sprite.uasset" 284
"../../../../../../Users/Graphic.SJH519-000W/Documents/GitHub/GGJ20-TheSalamis/SalamisGamejam/Content/level1/Images/FRAME_0000s_0002_frame-back.uasset" 285
"../../../../../../Users/Graphic.SJH519-000W/Documents/GitHub/GGJ20-TheSalamis/SalamisGamejam/Content/level1/Images/FRAME_0000s_0002_frame-back_Sprite.uasset" 286
"../../../../../../Users/Graphic.SJH519-000W/Documents/GitHub/GGJ20-TheSalamis/SalamisGamejam/Content/level1/Images/FRAME_0000s_0003_frame.uasset" 287
"../../../../../../Users/Graphic.SJH519-000W/Documents/GitHub/GGJ20-TheSalamis/SalamisGamejam/Content/level1/Images/FRAME_0000s_0003_frame_Sprite.uasset" 288
"../../../../../../Users/Graphic.SJH519-000W/Documents/GitHub/GGJ20-TheSalamis/SalamisGamejam/Content/level1/Images/newBG_0000s_0000_door-R.uasset" 289
"../../../../../../Users/Graphic.SJH519-000W/Documents/GitHub/GGJ20-TheSalamis/SalamisGamejam/Content/level1/Images/newBG_0000s_0000_door-R_Sprite.uasset" 290
"../../../../../../Users/Graphic.SJH519-000W/Documents/GitHub/GGJ20-TheSalamis/SalamisGamejam/Content/level1/Images/newBG_0000s_0003_door-backr.uasset" 291
"../../../../../../Users/Graphic.SJH519-000W/Documents/GitHub/GGJ20-TheSalamis/SalamisGamejam/Content/level1/Images/newBG_0000s_0003_door-backr_Sprite.uasset" 292
"../../../../../../Users/Graphic.SJH519-000W/Documents/GitHub/GGJ20-TheSalamis/SalamisGamejam/Content/2DSideScrollerBP/Sprites/UI/Controls_jump.uasset" 293
"../../../../../../Users/Graphic.SJH519-000W/Documents/GitHub/GGJ20-TheSalamis/SalamisGamejam/Content/level1/JumpTutorial.uasset" 294
"../../../../../../Users/Graphic.SJH519-000W/Documents/GitHub/GGJ20-TheSalamis/SalamisGamejam/Content/2DSideScrollerBP/Sprites/UI/Controls_walk.uasset" 295
"../../../../../../Users/Graphic.SJH519-000W/Documents/GitHub/GGJ20-TheSalamis/SalamisGamejam/Content/level1/MoveTutorial.uasset" 296
"../../../../../../Users/Graphic.SJH519-000W/Documents/GitHub/GGJ20-TheSalamis/SalamisGamejam/Content/level1/level1_PT1.umap" 297
